Killed
Segmentation fault (core dumped)
Killed
Segmentation fault (core dumped)
Segmentation fault (core dumped)
Segmentation fault (core dumped)
Segmentation fault (core dumped)
Killed
Segmentation fault (core dumped)
Killed
Segmentation fault (core dumped)
Segmentation fault (core dumped)
Segmentation fault (core dumped)
Segmentation fault (core dumped)
Killed
Segmentation fault (core dumped)
Segmentation fault (core dumped)
Killed
Killed
Segmentation fault (core dumped)
Segmentation fault (core dumped)
Killed
Killed
Abort (core dumped)
Segmentation fault (core dumped)
Segmentation fault (core dumped)
Segmentation fault (core dumped)
Segmentation fault (core dumped)
Segmentation fault (core dumped)
Segmentation fault (core dumped)
Segmentation fault (core dumped)
Segmentation fault (core dumped)
Segmentation fault (core dumped)
Segmentation fault (core dumped)
Segmentation fault (core dumped)
Segmentation fault (core dumped)
Segmentation fault (core dumped)
Segmentation fault (core dumped)
Segmentation fault (core dumped)
Segmentation fault (core dumped)
Segmentation fault (core dumped)
Segmentation fault (core dumped)
Segmentation fault (core dumped)
Segmentation fault (core dumped)
Segmentation fault (core dumped)
Segmentation fault (core dumped)
Segmentation fault (core dumped)
Segmentation fault (core dumped)
Segmentation fault (core dumped)
Segmentation fault (core dumped)
Segmentation fault (core dumped)
Segmentation fault (core dumped)
Segmentation fault (core dumped)
Segmentation fault (core dumped)
Segmentation fault (core dumped)
Segmentation fault (core dumped)
Segmentation fault (core dumped)
Segmentation fault (core dumped)
Segmentation fault (core dumped)
Segmentation fault (core dumped)
Segmentation fault (core dumped)
Segmentation fault (core dumped)
Segmentation fault (core dumped)
Segmentation fault (core dumped)
Segmentation fault (core dumped)
Segmentation fault (core dumped)
Segmentation fault (core dumped)
Segmentation fault (core dumped)
Segmentation fault (core dumped)
Segmentation fault (core dumped)
Segmentation fault (core dumped)
Segmentation fault (core dumped)
Segmentation fault (core dumped)
Segmentation fault (core dumped)
Segmentation fault (core dumped)
Segmentation fault (core dumped)
Segmentation fault (core dumped)
Segmentation fault (core dumped)
Segmentation fault (core dumped)
Segmentation fault (core dumped)
Segmentation fault (core dumped)
Segmentation fault (core dumped)
Segmentation fault (core dumped)
Segmentation fault (core dumped)
Segmentation fault (core dumped)
Segmentation fault (core dumped)
Segmentation fault (core dumped)
Segmentation fault (core dumped)
Segmentation fault (core dumped)
Segmentation fault (core dumped)
Segmentation fault (core dumped)
Segmentation fault (core dumped)
Segmentation fault (core dumped)
Segmentation fault (core dumped)
Segmentation fault (core dumped)
Segmentation fault (core dumped)
Segmentation fault (core dumped)
Segmentation fault (core dumped)
Segmentation fault (core dumped)
Segmentation fault (core dumped)
Segmentation fault (core dumped)
Segmentation fault (core dumped)
Segmentation fault (core dumped)
Segmentation fault (core dumped)
Segmentation fault (core dumped)
Segmentation fault (core dumped)
Segmentation fault (core dumped)
Segmentation fault (core dumped)
Segmentation fault (core dumped)
Killed
Segmentation fault (core dumped)
Segmentation fault (core dumped)
Segmentation fault (core dumped)
Abort (core dumped)
Segmentation fault (core dumped)
Segmentation fault (core dumped)
Segmentation fault (core dumped)
Abort (core dumped)
Segmentation fault (core dumped)
Segmentation fault (core dumped)
Segmentation fault (core dumped)
Segmentation fault (core dumped)
Segmentation fault (core dumped)
Segmentation fault (core dumped)
Segmentation fault (core dumped)
Abort (core dumped)
Abort (core dumped)
Killed
Killed
Killed
Killed
Abort (core dumped)
Killed
Killed
Segmentation fault (core dumped)
Killed
Segmentation fault (core dumped)
Segmentation fault (core dumped)
Segmentation fault (core dumped)
Killed
Segmentation fault (core dumped)
Killed
Segmentation fault (core dumped)
Segmentation fault (core dumped)
Killed
Segmentation fault (core dumped)
Killed
Segmentation fault (core dumped)
Abort (core dumped)
Segmentation fault (core dumped)
Killed
Killed
Killed
Segmentation fault (core dumped)
Segmentation fault (core dumped)
Killed
Segmentation fault (core dumped)
Segmentation fault (core dumped)
Killed
Segmentation fault (core dumped)
Killed
Segmentation fault (core dumped)
Segmentation fault (core dumped)
Segmentation fault (core dumped)
Segmentation fault (core dumped)
Killed
Segmentation fault (core dumped)
Killed
Segmentation fault (core dumped)
Segmentation fault (core dumped)
Killed
Abort (core dumped)
Segmentation fault (core dumped)
Segmentation fault (core dumped)
Segmentation fault (core dumped)
Killed
Segmentation fault (core dumped)
Segmentation fault (core dumped)
Segmentation fault (core dumped)
Segmentation fault (core dumped)
Killed
Killed
Segmentation fault (core dumped)
Segmentation fault (core dumped)
Segmentation fault (core dumped)
Segmentation fault (core dumped)
Segmentation fault (core dumped)
Killed
Segmentation fault (core dumped)
Segmentation fault (core dumped)
Segmentation fault (core dumped)
Segmentation fault (core dumped)
Killed
Killed
Segmentation fault (core dumped)
Killed
Segmentation fault (core dumped)
Segmentation fault (core dumped)
Abort (core dumped)
Segmentation fault (core dumped)
Abort (core dumped)
Killed
Killed
Killed
Killed
Killed
Segmentation fault (core dumped)
Killed
Killed
Abort (core dumped)
Segmentation fault (core dumped)
Killed
Killed
Killed
Segmentation fault (core dumped)
Segmentation fault (core dumped)
Segmentation fault (core dumped)
Abort (core dumped)
Abort (core dumped)
Segmentation fault (core dumped)
Segmentation fault (core dumped)
Abort (core dumped)
Abort (core dumped)
Killed
Abort (core dumped)
Killed
Segmentation fault (core dumped)
Killed
Killed
Killed
Segmentation fault (core dumped)
Segmentation fault (core dumped)
Segmentation fault (core dumped)
Segmentation fault (core dumped)
Segmentation fault (core dumped)
Segmentation fault (core dumped)
Segmentation fault (core dumped)
Segmentation fault (core dumped)
Segmentation fault (core dumped)
Segmentation fault (core dumped)
Segmentation fault (core dumped)
Segmentation fault (core dumped)
Abort (core dumped)
Segmentation fault (core dumped)
Segmentation fault (core dumped)
Abort (core dumped)
Abort (core dumped)
Broken pipe
Abort (core dumped)
Abort (core dumped)
Segmentation fault (core dumped)
Segmentation fault (core dumped)
Segmentation fault (core dumped)
Segmentation fault (core dumped)
Segmentation fault (core dumped)
Killed
Segmentation fault (core dumped)
Segmentation fault (core dumped)
Segmentation fault (core dumped)
Abort (core dumped)
Segmentation fault (core dumped)
Segmentation fault (core dumped)
Segmentation fault (core dumped)
Segmentation fault (core dumped)
Segmentation fault (core dumped)
Segmentation fault (core dumped)
Segmentation fault (core dumped)
Abort (core dumped)
Segmentation fault (core dumped)
Segmentation fault (core dumped)
Segmentation fault (core dumped)
Segmentation fault (core dumped)
Segmentation fault (core dumped)
Segmentation fault (core dumped)
Segmentation fault (core dumped)
Segmentation fault (core dumped)
Segmentation fault (core dumped)
Segmentation fault (core dumped)
Segmentation fault (core dumped)
Abort (core dumped)
Segmentation fault (core dumped)
Segmentation fault (core dumped)
Abort (core dumped)
Killed
Segmentation fault (core dumped)
Abort (core dumped)
Segmentation fault (core dumped)
Segmentation fault (core dumped)
Segmentation fault (core dumped)
Segmentation fault (core dumped)
Segmentation fault (core dumped)
Segmentation fault (core dumped)
Segmentation fault (core dumped)
Abort (core dumped)
Abort (core dumped)
Segmentation fault (core dumped)
Segmentation fault (core dumped)
Abort (core dumped)
Segmentation fault (core dumped)
Segmentation fault (core dumped)
Segmentation fault (core dumped)
Segmentation fault (core dumped)
Segmentation fault (core dumped)
Segmentation fault (core dumped)
Segmentation fault (core dumped)
Segmentation fault (core dumped)
Segmentation fault (core dumped)
Segmentation fault (core dumped)
Segmentation fault (core dumped)
Segmentation fault (core dumped)
Segmentation fault (core dumped)
Segmentation fault (core dumped)
Abort (core dumped)
Segmentation fault (core dumped)
Segmentation fault (core dumped)
Segmentation fault (core dumped)
Killed
Segmentation fault (core dumped)
Segmentation fault (core dumped)
Abort (core dumped)
Segmentation fault (core dumped)
Segmentation fault (core dumped)
Segmentation fault (core dumped)
Segmentation fault (core dumped)
Segmentation fault (core dumped)
Terminated
Segmentation fault (core dumped)
Segmentation fault (core dumped)
Segmentation fault (core dumped)
Abort (core dumped)
Segmentation fault (core dumped)
Segmentation fault (core dumped)
Segmentation fault (core dumped)
Segmentation fault (core dumped)
Killed
Segmentation fault (core dumped)
Segmentation fault (core dumped)
Segmentation fault (core dumped)
Segmentation fault (core dumped)
Segmentation fault (core dumped)
Segmentation fault (core dumped)
Segmentation fault (core dumped)
Abort (core dumped)
Abort (core dumped)
Segmentation fault (core dumped)
Segmentation fault (core dumped)
Segmentation fault (core dumped)
Segmentation fault (core dumped)
Segmentation fault (core dumped)
Abort (core dumped)
Abort (core dumped)
Segmentation fault (core dumped)
Segmentation fault (core dumped)
Segmentation fault (core dumped)
Segmentation fault (core dumped)
Abort (core dumped)
Abort (core dumped)
Abort
Segmentation fault (core dumped)
Segmentation fault (core dumped)
Abort (core dumped)
Segmentation fault (core dumped)
Segmentation fault (core dumped)
Segmentation fault (core dumped)
Segmentation fault (core dumped)
Abort (core dumped)
Segmentation fault (core dumped)
Abort (core dumped)
Segmentation fault (core dumped)
Abort (core dumped)
Abort (core dumped)
Segmentation fault (core dumped)
Broken pipe
Segmentation fault (core dumped)
Abort (core dumped)
Abort (core dumped)
Segmentation fault (core dumped)
Segmentation fault (core dumped)
Segmentation fault (core dumped)
Segmentation fault (core dumped)
Segmentation fault (core dumped)
Segmentation fault (core dumped)
Segmentation fault (core dumped)
Segmentation fault (core dumped)
Segmentation fault (core dumped)
Segmentation fault (core dumped)
Segmentation fault (core dumped)
Abort (core dumped)
Abort (core dumped)
Segmentation fault (core dumped)
Segmentation fault (core dumped)
Abort (core dumped)
Abort (core dumped)
Segmentation fault (core dumped)
Terminated
Segmentation fault (core dumped)
Abort (core dumped)
Segmentation fault (core dumped)
Segmentation fault (core dumped)
Abort (core dumped)
Abort (core dumped)
Segmentation fault (core dumped)
Segmentation fault (core dumped)
Segmentation fault (core dumped)
Segmentation fault (core dumped)
Segmentation fault (core dumped)
Segmentation fault (core dumped)
Segmentation fault (core dumped)
Segmentation fault (core dumped)
Segmentation fault (core dumped)
Segmentation fault (core dumped)
Segmentation fault (core dumped)
Abort (core dumped)
Segmentation fault (core dumped)
Segmentation fault (core dumped)
Segmentation fault (core dumped)
Segmentation fault (core dumped)
Segmentation fault (core dumped)
Segmentation fault (core dumped)
Segmentation fault (core dumped)
Segmentation fault (core dumped)
Segmentation fault (core dumped)
Killed
Abort (core dumped)
Segmentation fault (core dumped)
Segmentation fault (core dumped)
Abort (core dumped)
Abort (core dumped)
Abort (core dumped)
Segmentation fault (core dumped)
Killed
Segmentation fault (core dumped)
Killed
Abort (core dumped)
Abort
Segmentation fault (core dumped)
Killed
Segmentation fault (core dumped)
Segmentation fault (core dumped)
Broken pipe
Broken pipe
Killed
./startup: line 48: 21198 Segmentation fault      ../src/mcloud $port $log_file >&!
./startup: line 48:  7686 Segmentation fault      ../src/mcloud $port $log_file >&!
./startup: line 48: 10227 Segmentation fault      ../src/mcloud $port $log_file >&!
./startup: line 48: 10435 Segmentation fault      ../src/mcloud $port $log_file >&!
./startup: line 48: 12146 Segmentation fault      ../src/mcloud $port $log_file >&!
./startup: line 48: 12255 Segmentation fault      ../src/mcloud $port $log_file >&!
./startup: line 48: 12271 Segmentation fault      ../src/mcloud $port $log_file >&!
./startup: line 48: 12420 Segmentation fault      ../src/mcloud $port $log_file >&!
./startup: line 48: 12584 Segmentation fault      ../src/mcloud $port $log_file >&!
./startup: line 48: 13157 Killed                  ../src/mcloud $port $log_file >&!
./startup: line 15: allow: command not found
./startup: line 48: 14192 Segmentation fault      (core dumped) ../src/mcloud $port $log_file >&!
./startup: line 48: 16608 Segmentation fault      (core dumped) ../src/mcloud $port $log_file >&!
./startup: line 15: allow: command not found
./startup: line 48: 11019 Segmentation fault      (core dumped) ../src/mcloud $port $log_file >&!
./startup: line 48: 14165 Killed                  ../src/mcloud $port $log_file >&!
./startup: line 48: 17668 Killed                  ../src/mcloud $port $log_file >&!
./startup: line 15: allow: command not found
./startup: line 48: 18880 Segmentation fault      (core dumped) ../src/mcloud $port $log_file >&!
./startup: line 48: 19201 Segmentation fault      (core dumped) ../src/mcloud $port $log_file >&!
./startup: line 48: 30964 Segmentation fault      (core dumped) ../src/mcloud $port $log_file >&!
./startup: line 48:  8549 Segmentation fault      (core dumped) ../src/mcloud $port $log_file >&!
./startup: line 48:  8669 Killed                  ../src/mcloud $port $log_file >&!
./startup: line 48:  9697 Segmentation fault      (core dumped) ../src/mcloud $port $log_file >&!
./startup: line 48: 11887 Killed                  ../src/mcloud $port $log_file >&!
./startup: line 48: 14393 Segmentation fault      (core dumped) ../src/mcloud $port $log_file >&!
./startup: line 48: 16100 Segmentation fault      (core dumped) ../src/mcloud $port $log_file >&!
./startup: line 48: 16221 Killed                  ../src/mcloud $port $log_file >&!
./startup: line 48: 16829 Killed                  ../src/mcloud $port $log_file >&!
./startup: line 15: allow: command not found
./startup: line 48: 21143 Segmentation fault      (core dumped) ../src/mcloud $port $log_file >&!
./startup: line 48: 25812 Segmentation fault      (core dumped) ../src/mcloud $port $log_file >&!
./startup: line 48: 27197 Segmentation fault      (core dumped) ../src/mcloud $port $log_file >&!
./startup: line 48:  1145 Segmentation fault      (core dumped) ../src/mcloud $port $log_file >&!
./startup: line 48:  1685 Segmentation fault      (core dumped) ../src/mcloud $port $log_file >&!
./startup: line 15: allow: command not found
./startup: line 48: 17192 Aborted                 (core dumped) ../src/mcloud $port $log_file >&!
./startup: line 15: allow: command not found
./startup: line 15: allow: command not found
./startup: line 48: 18728 Segmentation fault      (core dumped) ../src/mcloud $port $log_file >&!
./startup: line 48: 17339 Segmentation fault      (core dumped) ../src/mcloud $port $log_file >&!
./startup: line 48: 22135 Killed                  ../src/mcloud $port $log_file >&!
./startup: line 48: 32382 Segmentation fault      (core dumped) ../src/mcloud $port $log_file >&!
./startup: line 48: 13693 Killed                  ../src/mcloud $port $log_file >&!
./startup: line 48:  1964 Trace/breakpoint trap   (core dumped) ../src/mcloud $port $log_file >&!
./startup: line 48:  2254 Segmentation fault      (core dumped) ../src/mcloud $port $log_file >&!
./startup: line 48: 15596 Killed                  ../src/mcloud $port $log_file >&!
./startup: line 48: 23346 Segmentation fault      (core dumped) ../src/mcloud $port $log_file >&!
./startup: line 48: 11195 Segmentation fault      (core dumped) ../src/mcloud $port $log_file >&!
./startup: line 48: 27772 Segmentation fault      (core dumped) ../src/mcloud $port $log_file >&!
./startup: line 48:  3746 Segmentation fault      (core dumped) ../src/mcloud $port $log_file >&!
./startup: line 48: 11024 Segmentation fault      (core dumped) ../src/mcloud $port $log_file >&!
./startup: line 48: 25684 Segmentation fault      (core dumped) ../src/mcloud $port $log_file >&!
./startup: line 48: 13656 Killed                  ../src/mcloud $port $log_file >&!
./startup: line 48:   682 Segmentation fault      (core dumped) ../src/mcloud $port $log_file >&!
./startup: line 48: 13413 Segmentation fault      (core dumped) ../src/mcloud $port $log_file >&!
./startup: line 48: 18665 Segmentation fault      (core dumped) ../src/mcloud $port $log_file >&!
./startup: line 48:  2133 Segmentation fault      (core dumped) ../src/mcloud $port $log_file >&!
./startup: line 48: 25516 Killed                  ../src/mcloud $port $log_file >&!
./startup: line 48: 20857 Segmentation fault      (core dumped) ../src/mcloud $port $log_file >&!
./startup: line 48: 21468 Segmentation fault      (core dumped) ../src/mcloud $port $log_file >&!
./startup: line 48:  7516 Segmentation fault      (core dumped) ../src/mcloud $port $log_file >&!
./startup: line 48: 25012 Segmentation fault      (core dumped) ../src/mcloud $port $log_file >&!
./startup: line 48:  8260 Killed                  ../src/mcloud $port $log_file >&!
./startup: line 48: 15075 Segmentation fault      (core dumped) ../src/mcloud $port $log_file >&!
./startup: line 48:  4153 Segmentation fault      (core dumped) ../src/mcloud $port $log_file >&!
./startup: line 48: 20078 Segmentation fault      (core dumped) ../src/mcloud $port $log_file >&!
./startup: line 48: 26094 Segmentation fault      (core dumped) ../src/mcloud $port $log_file >&!
./startup: line 48: 19123 Segmentation fault      (core dumped) ../src/mcloud $port $log_file >&!
./startup: line 48: 13904 Segmentation fault      (core dumped) ../src/mcloud $port $log_file >&!
./startup: line 48: 10457 Segmentation fault      (core dumped) ../src/mcloud $port $log_file >&!
./startup: line 48: 19242 Segmentation fault      (core dumped) ../src/mcloud $port $log_file >&!
./startup: line 48: 31550 Segmentation fault      (core dumped) ../src/mcloud $port $log_file >&!
./startup: line 48:  1260 Killed                  ../src/mcloud $port $log_file >&!
./startup: line 48:  5018 Segmentation fault      (core dumped) ../src/mcloud $port $log_file >&!
./startup: line 15: allow: command not found
./startup: line 15: allow: command not found
./startup: line 48:  3468 Segmentation fault      (core dumped) ../src/mcloud $port $log_file >&!
./startup: line 48: 16480 Segmentation fault      (core dumped) ../src/mcloud $port $log_file >&!
./startup: line 48: 21042 Segmentation fault      (core dumped) ../src/mcloud $port $log_file >&!
./startup: line 48:  6683 Segmentation fault      (core dumped) ../src/mcloud $port $log_file >&!
./startup: line 48: 29767 Segmentation fault      (core dumped) ../src/mcloud $port $log_file >&!
./startup: line 15: allow: command not found
./startup: line 15: allow: command not found
./startup: line 15: allow: command not found
./startup: line 48:   833 Segmentation fault      (core dumped) ../src/mcloud $port $log_file >&!
./startup: line 48: 32109 Segmentation fault      (core dumped) ../src/mcloud $port $log_file >&!
./startup: line 15: allow: command not found
./startup: line 15: allow: command not found
./startup: line 15: allow: command not found
./startup: line 48:  1849 Segmentation fault      (core dumped) ../src/mcloud $port $log_file >&!
./startup: line 48:  3652 Segmentation fault      (core dumped) ../src/mcloud $port $log_file >&!
./startup: line 48:  6138 Segmentation fault      (core dumped) ../src/mcloud $port $log_file >&!
./startup: line 48:  8480 Killed                  ../src/mcloud $port $log_file >&!
./startup: line 48:  8518 Segmentation fault      (core dumped) ../src/mcloud $port $log_file >&!
./startup: line 48: 16294 Killed                  ../src/mcloud $port $log_file >&!
./startup: line 48: 23864 Floating point exception(core dumped) ../src/mcloud $port $log_file >&!
./startup: line 48:  7839 Floating point exception(core dumped) ../src/mcloud $port $log_file >&!
./startup: line 48:  7849 Floating point exception(core dumped) ../src/mcloud $port $log_file >&!
./startup: line 48:  7863 Floating point exception(core dumped) ../src/mcloud $port $log_file >&!
./startup: line 48:  7902 Floating point exception(core dumped) ../src/mcloud $port $log_file >&!
./startup: line 48:  7939 Segmentation fault      (core dumped) ../src/mcloud $port $log_file >&!
./startup: line 48: 11263 Killed                  ../src/mcloud $port $log_file >&!
./startup: line 48: 11277 Segmentation fault      (core dumped) ../src/mcloud $port $log_file >&!
./startup: line 48: 11304 Aborted                 (core dumped) ../src/mcloud $port $log_file >&!
./startup: line 15: allow: command not found
./startup: line 48: 23450 Segmentation fault      (core dumped) ../src/mcloud $port $log_file >&!
./startup: line 48: 27562 Segmentation fault      (core dumped) ../src/mcloud $port $log_file >&!
./startup: line 48: 32011 Segmentation fault      (core dumped) ../src/mcloud $port $log_file >&!
./startup: line 48:  9697 Segmentation fault      (core dumped) ../src/mcloud $port $log_file >&!
./startup: line 48:  9778 Segmentation fault      (core dumped) ../src/mcloud $port $log_file >&!
./startup: line 48: 18125 Aborted                 (core dumped) ../src/mcloud $port $log_file >&!
./startup: line 48: 18746 Segmentation fault      (core dumped) ../src/mcloud $port $log_file >&!
./startup: line 48: 25222 Segmentation fault      (core dumped) ../src/mcloud $port $log_file >&!
./startup: line 48: 13782 Segmentation fault      (core dumped) ../src/mcloud $port $log_file >&!
./startup: line 48: 23976 Segmentation fault      (core dumped) ../src/mcloud $port $log_file >&!
./startup: line 48: 30652 Segmentation fault      (core dumped) ../src/mcloud $port $log_file >&!
./startup: line 48: 27661 Segmentation fault      (core dumped) ../src/mcloud $port $log_file >&!
./startup: line 15: allow: command not found
./startup: line 48:  7632 Segmentation fault      (core dumped) ../src/mcloud $port $log_file >&!
./startup: line 48: 20715 Segmentation fault      (core dumped) ../src/mcloud $port $log_file >&!
./startup: line 48: 23636 Segmentation fault      (core dumped) ../src/mcloud $port $log_file >&!
./startup: line 48: 31107 Segmentation fault      (core dumped) ../src/mcloud $port $log_file >&!
./startup: line 48: 31380 Segmentation fault      (core dumped) ../src/mcloud $port $log_file >&!
./startup: line 48: 19186 Segmentation fault      (core dumped) ../src/mcloud $port $log_file >&!
./startup: line 48: 19506 Segmentation fault      (core dumped) ../src/mcloud $port $log_file >&!
./startup: line 48: 20058 Segmentation fault      (core dumped) ../src/mcloud $port $log_file >&!
./startup: line 48:  4283 Broken pipe             ../src/mcloud $port $log_file >&!
./startup: line 15: allow: command not found
./startup: line 48:  1330 Segmentation fault      (core dumped) ../src/mcloud $port $log_file >&!
./startup: line 15: allow: command not found
./startup: line 48: 25576 Segmentation fault      (core dumped) ../src/mcloud $port $log_file >&!
./startup: line 48: 10873 Segmentation fault      (core dumped) ../src/mcloud $port $log_file >&!
./startup: line 48: 11789 Segmentation fault      (core dumped) ../src/mcloud $port $log_file >&!
./startup: line 48: 19598 Segmentation fault      (core dumped) ../src/mcloud $port $log_file >&!
./startup: line 48: 17154 Broken pipe             ../src/mcloud $port $log_file >&!
./startup: line 15: allow: command not found
./startup: line 48:  7118 Segmentation fault      (core dumped) ../src/mcloud $port $log_file >&!
./startup: line 48: 16814 Segmentation fault      (core dumped) ../src/mcloud $port $log_file >&!
./startup: line 48: 16825 Segmentation fault      (core dumped) ../src/mcloud $port $log_file >&!
./startup: line 48: 16856 Killed                  ../src/mcloud $port $log_file >&!
./startup: line 48: 12563 Segmentation fault      (core dumped) ../src/mcloud $port $log_file >&!
./startup: line 48: 19523 Broken pipe             ../src/mcloud $port $log_file >&!
./startup: line 48: 20008 Segmentation fault      (core dumped) ../src/mcloud $port $log_file >&!
./startup: line 48: 21964 Segmentation fault      (core dumped) ../src/mcloud $port $log_file >&!
./startup: line 48:  2955 Segmentation fault      (core dumped) ../src/mcloud $port $log_file >&!
./startup: line 48:  3457 Segmentation fault      (core dumped) ../src/mcloud $port $log_file >&!
./startup: line 48: 10425 Segmentation fault      (core dumped) ../src/mcloud $port $log_file >&!
./startup: line 48: 23622 Killed                  ../src/mcloud $port $log_file >&!
./startup: line 15: allow: command not found
./startup: line 48: 32521 Killed                  ../src/mcloud $port $log_file >&!
./startup: line 15: allow: command not found
./startup: line 48:  9368 Segmentation fault      (core dumped) ../src/mcloud $port $log_file >&!
