
============= MEMWATCH 2.71 Copyright (C) 1992-1999 Johan Lindh =============

Started at Sat Sep  4 17:46:15 2010

Modes: __STDC__ 64-bit mwDWORD==(unsigned int)
mwROUNDALLOC==8 sizeof(mwData)==56 mwDataSize==56


Stopped at Sat Sep  4 18:24:01 2010

unfreed: <799> db.c(3512), 131072 bytes at 0x7fd1d066b050  	{00 B9 6A D0 D1 7F 00 00 00 00 00 00 00 00 00 00 ..j.............}
unfreed: <798> db.c(3512), 131072 bytes at 0x7fd1d068c050  	{40 C5 6C D0 D1 7F 00 00 00 00 00 00 00 00 00 00 @.l.............}
unfreed: <797> db.c(3512), 131072 bytes at 0x7fd1d06ad050  	{20 D5 6E D0 D1 7F 00 00 00 00 00 00 00 00 00 00  .n.............}
unfreed: <796> db.c(3512), 131072 bytes at 0x7fd1d06ce050  	{D0 E8 70 D0 D1 7F 00 00 00 00 00 00 00 00 00 00 ..p.............}
unfreed: <795> db.c(3512), 131072 bytes at 0x7fd1d06ef050  	{90 F8 72 D0 D1 7F 00 00 00 00 00 00 00 00 00 00 ..r.............}
unfreed: <794> db.c(3512), 131072 bytes at 0x7fd1d0710050  	{48 04 75 D0 D1 7F 00 00 00 00 00 00 00 00 00 00 H.u.............}
unfreed: <793> db.c(3512), 131072 bytes at 0x7fd1d0731050  	{B0 13 77 D0 D1 7F 00 00 00 00 00 00 00 00 00 00 ..w.............}
unfreed: <792> db.c(3512), 131072 bytes at 0x7fd1d0752050  	{B0 27 79 D0 D1 7F 00 00 00 00 00 00 00 00 00 00 .'y.............}
unfreed: <791> db.c(3512), 131072 bytes at 0x7fd1d0773050  	{48 34 7B D0 D1 7F 00 00 00 00 00 00 00 00 00 00 H4{.............}
unfreed: <790> db.c(3512), 131072 bytes at 0x7fd1d0794050  	{23 30 41 20 23 43 4C 49 56 49 4E 47 20 23 63 73 #0A #CLIVING #cs}
unfreed: <789> db.c(3512), 131072 bytes at 0x7fd1d07b5050  	{D0 57 7F D0 D1 7F 00 00 00 00 00 00 00 00 00 00 .W..............}
unfreed: <788> db.c(3512), 131072 bytes at 0x7fd1d07d6050  	{50 62 81 D0 D1 7F 00 00 00 00 00 00 00 00 00 00 Pb..............}
unfreed: <787> db.c(3512), 131072 bytes at 0x7fd1d07f7050  	{10 75 83 D0 D1 7F 00 00 00 00 00 00 00 00 00 00 .u..............}
unfreed: <786> db.c(3512), 131072 bytes at 0x7fd1d0818050  	{90 11 FA D1 D1 7F 00 00 00 00 00 00 00 00 00 00 ................}
unfreed: <785> db.c(3512), 131072 bytes at 0x7fd1d0839050  	{70 93 87 D0 D1 7F 00 00 00 00 00 00 00 00 00 00 p...............}
unfreed: <784> db.c(3512), 131072 bytes at 0x7fd1d085a050  	{10 A3 89 D0 D1 7F 00 00 00 00 00 00 00 00 00 00 ................}
unfreed: <783> db.c(3512), 131072 bytes at 0x7fd1d087b050  	{10 B3 8B D0 D1 7F 00 00 00 00 00 00 00 00 00 00 ................}
unfreed: <782> db.c(3512), 131072 bytes at 0x7fd1d089c050  	{10 C3 8D D0 D1 7F 00 00 00 00 00 00 00 00 00 00 ................}
unfreed: <781> db.c(3512), 131072 bytes at 0x7fd1d08bd050  	{B0 BB AD D2 D1 7F 00 00 00 00 00 00 00 00 00 00 ................}
unfreed: <780> db.c(3512), 131072 bytes at 0x7fd1d08de050  	{D0 E3 91 D0 D1 7F 00 00 00 00 00 00 00 00 00 00 ................}
unfreed: <779> db.c(3512), 131072 bytes at 0x7fd1d08ff050  	{54 68 65 20 46 61 72 64 65 61 74 68 20 63 69 72 The Fardeath cir}
unfreed: <778> db.c(3512), 131072 bytes at 0x7fd1d0920050  	{A0 07 96 D0 D1 7F 00 00 00 00 00 00 00 00 00 00 ................}
unfreed: <777> db.c(3512), 131072 bytes at 0x7fd1d0941050  	{B0 15 98 D0 D1 7F 00 00 00 00 00 00 00 00 00 00 ................}
unfreed: <776> db.c(3512), 131072 bytes at 0x7fd1d0962050  	{50 27 9A D0 D1 7F 00 00 00 00 00 00 00 00 00 00 P'..............}
unfreed: <775> db.c(3512), 131072 bytes at 0x7fd1d0983050  	{23 30 41 20 23 72 54 23 30 77 23 72 6F 23 30 2D #0A #rT#0w#ro#0-}
unfreed: <774> db.c(3512), 131072 bytes at 0x7fd1d09a4050  	{C0 44 9E D0 D1 7F 00 00 00 00 00 00 00 00 00 00 .D..............}
unfreed: <773> db.c(3512), 131072 bytes at 0x7fd1d09c5050  	{10 F3 A8 00 00 00 00 00 00 00 00 00 00 00 00 00 ................}
unfreed: <772> db.c(3512), 131072 bytes at 0xa6f5e0  	{10 C3 A8 00 00 00 00 00 00 00 00 00 00 00 00 00 ................}
unfreed: <771> db.c(3512), 131072 bytes at 0xa39f90  	{A8 60 23 D1 D1 7F 00 00 00 00 00 00 00 00 00 00 .`#.............}
unfreed: <770> mccp.c(76), 16384 bytes at 0x9f47d0  	{E2 E2 8D 04 7A 2F B1 28 55 21 31 A7 28 35 31 A5 ....z/.(U!1.(51.}
unfreed: <769> mccp.c(74), 112 bytes at 0x9f4710  	{79 91 23 D1 D1 7F 00 00 00 00 00 00 00 00 00 00 y.#.............}
unfreed: <768> db.c(3512), 131072 bytes at 0x7fd1d1222050  	{73 6E 65 65 72 00 00 00 00 00 00 00 00 00 00 00 sneer...........}
unfreed: <767> social-edit.c(80), 16192 bytes at 0x9eec70  	{E8 35 25 D1 D1 7F 00 00 F8 35 25 D1 D1 7F 00 00 .5%......5%.....}
unfreed: <766> class.c(93), 56 bytes at 0x9eebe0  	{38 35 25 D1 D1 7F 00 00 00 00 00 00 00 00 00 00 85%.............}
unfreed: <765> class.c(93), 56 bytes at 0x9eeb50  	{28 35 25 D1 D1 7F 00 00 00 00 00 00 00 00 00 00 (5%.............}
unfreed: <764> class.c(93), 56 bytes at 0x9eeac0  	{18 35 25 D1 D1 7F 00 00 00 00 00 00 00 00 00 00 .5%.............}
unfreed: <763> class.c(93), 56 bytes at 0x9eea30  	{08 35 25 D1 D1 7F 00 00 00 00 00 00 00 00 00 00 .5%.............}
unfreed: <762> class.c(93), 56 bytes at 0x9ee9a0  	{F8 34 25 D1 D1 7F 00 00 00 00 00 00 00 00 00 00 .4%.............}
unfreed: <761> class.c(93), 56 bytes at 0x9ee910  	{6C 6A BA D3 D1 7F 00 00 00 00 00 00 00 00 00 00 lj..............}
unfreed: <760> class.c(93), 56 bytes at 0x9ee880  	{E8 34 25 D1 D1 7F 00 00 00 00 00 00 00 00 00 00 .4%.............}
unfreed: <759> class.c(93), 56 bytes at 0x9ee7f0  	{D8 34 25 D1 D1 7F 00 00 00 00 00 00 00 00 00 00 .4%.............}
unfreed: <758> class.c(93), 56 bytes at 0x9ee760  	{C8 34 25 D1 D1 7F 00 00 00 00 00 00 00 00 00 00 .4%.............}
unfreed: <757> class.c(93), 56 bytes at 0x9ee6d0  	{B8 34 25 D1 D1 7F 00 00 00 00 00 00 00 00 00 00 .4%.............}
unfreed: <756> class.c(93), 56 bytes at 0x9ee640  	{A8 34 25 D1 D1 7F 00 00 00 00 00 00 00 00 00 00 .4%.............}
unfreed: <755> class.c(93), 56 bytes at 0x9ee5b0  	{30 E5 CD D3 D1 7F 00 00 00 00 00 00 00 00 00 00 0...............}
unfreed: <754> class.c(93), 56 bytes at 0x9ee520  	{98 34 25 D1 D1 7F 00 00 00 00 00 00 00 00 00 00 .4%.............}
unfreed: <753> class.c(93), 56 bytes at 0x9ee490  	{88 34 25 D1 D1 7F 00 00 00 00 00 00 00 00 00 00 .4%.............}
unfreed: <752> class.c(93), 56 bytes at 0x9ee400  	{78 34 25 D1 D1 7F 00 00 00 00 00 00 00 00 00 00 x4%.............}
unfreed: <751> class.c(93), 56 bytes at 0x9ee370  	{68 34 25 D1 D1 7F 00 00 00 00 00 00 00 00 00 00 h4%.............}
unfreed: <750> class.c(93), 56 bytes at 0x9ee2e0  	{58 34 25 D1 D1 7F 00 00 00 00 00 00 00 00 00 00 X4%.............}
unfreed: <749> class.c(93), 56 bytes at 0x9ee250  	{83 7F CC D3 D1 7F 00 00 00 00 00 00 00 00 00 00 ................}
unfreed: <748> class.c(93), 56 bytes at 0x9ee1c0  	{48 34 25 D1 D1 7F 00 00 00 00 00 00 00 00 00 00 H4%.............}
unfreed: <747> class.c(93), 56 bytes at 0x9ee130  	{38 34 25 D1 D1 7F 00 00 00 00 00 00 00 00 00 00 84%.............}
unfreed: <746> class.c(93), 56 bytes at 0x9ee0a0  	{28 34 25 D1 D1 7F 00 00 00 00 00 00 00 00 00 00 (4%.............}
unfreed: <745> class.c(93), 56 bytes at 0x9ee010  	{18 34 25 D1 D1 7F 00 00 00 00 00 00 00 00 00 00 .4%.............}
unfreed: <744> class.c(93), 56 bytes at 0x9edf80  	{08 34 25 D1 D1 7F 00 00 00 00 00 00 00 00 00 00 .4%.............}
unfreed: <743> class.c(93), 56 bytes at 0x9edef0  	{F8 33 25 D1 D1 7F 00 00 00 00 00 00 00 00 00 00 .3%.............}
unfreed: <742> class.c(93), 56 bytes at 0x9ede60  	{E8 33 25 D1 D1 7F 00 00 00 00 00 00 00 00 00 00 .3%.............}
unfreed: <741> class.c(93), 56 bytes at 0x9eddd0  	{D8 33 25 D1 D1 7F 00 00 00 00 00 00 00 00 00 00 .3%.............}
unfreed: <740> class.c(93), 56 bytes at 0x9edd40  	{C8 33 25 D1 D1 7F 00 00 00 00 00 00 00 00 00 00 .3%.............}
unfreed: <739> class.c(93), 56 bytes at 0x9edcb0  	{46 09 CB D3 D1 7F 00 00 00 00 00 00 00 00 00 00 F...............}
unfreed: <738> changes.c(59), 12480 bytes at 0x9eaba0  	{B0 A1 24 D1 D1 7F 00 00 A0 A4 24 D1 D1 7F 00 00 ..$.......$.....}
unfreed: <737> db.c(3512), 131072 bytes at 0x7fd1d1244050  	{70 43 28 D1 D1 7F 00 00 00 00 00 00 00 00 00 00 pC(.............}
unfreed: <736> db.c(3512), 131072 bytes at 0x7fd1d1265050  	{70 53 2A D1 D1 7F 00 00 00 00 00 00 00 00 00 00 pS*.............}
unfreed: <735> db.c(3512), 131072 bytes at 0x7fd1d1286050  	{70 63 2C D1 D1 7F 00 00 00 00 00 00 00 00 00 00 pc,.............}
unfreed: <734> db.c(3512), 131072 bytes at 0x7fd1d12a7050  	{70 73 2E D1 D1 7F 00 00 00 00 00 00 00 00 00 00 ps..............}
unfreed: <733> db.c(3512), 131072 bytes at 0x7fd1d12c8050  	{70 83 30 D1 D1 7F 00 00 00 00 00 00 00 00 00 00 p.0.............}
unfreed: <732> db.c(3512), 131072 bytes at 0x7fd1d12e9050  	{70 93 32 D1 D1 7F 00 00 00 00 00 00 00 00 00 00 p.2.............}
unfreed: <731> db.c(3512), 131072 bytes at 0x7fd1d130a050  	{70 A3 34 D1 D1 7F 00 00 00 00 00 00 00 00 00 00 p.4.............}
unfreed: <730> db.c(3512), 131072 bytes at 0x7fd1d132b050  	{70 B3 36 D1 D1 7F 00 00 00 00 00 00 00 00 00 00 p.6.............}
unfreed: <729> db.c(3512), 131072 bytes at 0x7fd1d134c050  	{70 C3 38 D1 D1 7F 00 00 00 00 00 00 00 00 00 00 p.8.............}
unfreed: <728> db.c(3512), 131072 bytes at 0x7fd1d136d050  	{70 D3 3A D1 D1 7F 00 00 00 00 00 00 00 00 00 00 p.:.............}
unfreed: <727> db.c(3512), 131072 bytes at 0x7fd1d138e050  	{70 E3 3C D1 D1 7F 00 00 00 00 00 00 00 00 00 00 p.<.............}
unfreed: <726> db.c(3512), 131072 bytes at 0x7fd1d13af050  	{70 F3 3E D1 D1 7F 00 00 00 00 00 00 00 00 00 00 p.>.............}
unfreed: <725> db.c(3512), 131072 bytes at 0x7fd1d13d0050  	{70 03 41 D1 D1 7F 00 00 00 00 00 00 00 00 00 00 p.A.............}
unfreed: <724> db.c(3512), 131072 bytes at 0x7fd1d13f1050  	{70 13 43 D1 D1 7F 00 00 00 00 00 00 00 00 00 00 p.C.............}
unfreed: <723> db.c(3512), 131072 bytes at 0x7fd1d1412050  	{70 23 45 D1 D1 7F 00 00 00 00 00 00 00 00 00 00 p#E.............}
unfreed: <722> db.c(3512), 131072 bytes at 0x7fd1d1433050  	{70 33 47 D1 D1 7F 00 00 00 00 00 00 00 00 00 00 p3G.............}
unfreed: <721> db.c(3512), 131072 bytes at 0x7fd1d1454050  	{70 43 49 D1 D1 7F 00 00 00 00 00 00 00 00 00 00 pCI.............}
unfreed: <720> db.c(3512), 131072 bytes at 0x7fd1d1475050  	{70 53 4B D1 D1 7F 00 00 00 00 00 00 00 00 00 00 pSK.............}
unfreed: <719> db.c(3512), 131072 bytes at 0x7fd1d1496050  	{70 63 4D D1 D1 7F 00 00 00 00 00 00 00 00 00 00 pcM.............}
unfreed: <718> db.c(3512), 131072 bytes at 0x7fd1d14b7050  	{70 73 4F D1 D1 7F 00 00 00 00 00 00 00 00 00 00 psO.............}
unfreed: <717> db.c(3512), 131072 bytes at 0x7fd1d14d8050  	{70 83 51 D1 D1 7F 00 00 00 00 00 00 00 00 00 00 p.Q.............}
unfreed: <716> db.c(3512), 131072 bytes at 0x7fd1d14f9050  	{70 93 53 D1 D1 7F 00 00 00 00 00 00 00 00 00 00 p.S.............}
unfreed: <715> db.c(3512), 131072 bytes at 0x7fd1d151a050  	{70 A3 55 D1 D1 7F 00 00 00 00 00 00 00 00 00 00 p.U.............}
unfreed: <714> db.c(3512), 131072 bytes at 0x7fd1d153b050  	{70 B3 57 D1 D1 7F 00 00 00 00 00 00 00 00 00 00 p.W.............}
unfreed: <713> db.c(3512), 131072 bytes at 0x7fd1d155c050  	{70 C3 59 D1 D1 7F 00 00 00 00 00 00 00 00 00 00 p.Y.............}
unfreed: <712> db.c(3512), 131072 bytes at 0x7fd1d157d050  	{D0 D3 5B D1 D1 7F 00 00 00 00 00 00 00 00 00 00 ..[.............}
unfreed: <711> db.c(3512), 131072 bytes at 0x7fd1d159e050  	{70 E3 5D D1 D1 7F 00 00 00 00 00 00 00 00 00 00 p.].............}
unfreed: <710> db.c(3512), 131072 bytes at 0x7fd1d15bf050  	{70 F3 5F D1 D1 7F 00 00 00 00 00 00 00 00 00 00 p._.............}
unfreed: <709> db.c(3512), 131072 bytes at 0x7fd1d15e0050  	{70 03 62 D1 D1 7F 00 00 00 00 00 00 00 00 00 00 p.b.............}
unfreed: <708> db.c(3512), 131072 bytes at 0x7fd1d1601050  	{70 13 64 D1 D1 7F 00 00 00 00 00 00 00 00 00 00 p.d.............}
unfreed: <707> db.c(3512), 131072 bytes at 0x7fd1d1622050  	{70 23 66 D1 D1 7F 00 00 00 00 00 00 00 00 00 00 p#f.............}
unfreed: <706> db.c(3512), 131072 bytes at 0x7fd1d1643050  	{70 33 68 D1 D1 7F 00 00 00 00 00 00 00 00 00 00 p3h.............}
unfreed: <705> db.c(3512), 131072 bytes at 0x7fd1d1664050  	{70 43 6A D1 D1 7F 00 00 00 00 00 00 00 00 00 00 pCj.............}
unfreed: <704> db.c(3512), 131072 bytes at 0x7fd1d1685050  	{30 54 6C D1 D1 7F 00 00 00 00 00 00 00 00 00 00 0Tl.............}
unfreed: <703> db.c(3512), 131072 bytes at 0x7fd1d16a6050  	{23 77 41 20 23 52 41 23 72 70 23 52 6F 23 72 63 #wA #RA#rp#Ro#rc}
unfreed: <702> db.c(3512), 131072 bytes at 0x7fd1d16c7050  	{80 73 70 D1 D1 7F 00 00 00 00 00 00 00 00 00 00 .sp.............}
unfreed: <701> db.c(3512), 131072 bytes at 0x7fd1d16e8050  	{53 6F 6D 65 20 4D 69 73 74 00 00 00 00 00 00 00 Some Mist.......}
unfreed: <700> db.c(3512), 131072 bytes at 0x7fd1d1709050  	{10 93 74 D1 D1 7F 00 00 00 00 00 00 00 00 00 00 ..t.............}
unfreed: <699> db.c(3512), 131072 bytes at 0x7fd1d172a050  	{10 A3 76 D1 D1 7F 00 00 00 00 00 00 00 00 00 00 ..v.............}
unfreed: <698> db.c(3512), 131072 bytes at 0x7fd1d174b050  	{10 B3 78 D1 D1 7F 00 00 00 00 00 00 00 00 00 00 ..x.............}
unfreed: <697> db.c(3512), 131072 bytes at 0x7fd1d176c050  	{F0 C8 7A D1 D1 7F 00 00 00 00 00 00 00 00 00 00 ..z.............}
unfreed: <696> db.c(3512), 131072 bytes at 0x7fd1d178d050  	{80 D8 7C D1 D1 7F 00 00 00 00 00 00 00 00 00 00 ..|.............}
unfreed: <695> db.c(3512), 131072 bytes at 0x7fd1d17ae050  	{40 E7 7E D1 D1 7F 00 00 00 00 00 00 00 00 00 00 @.~.............}
unfreed: <694> db.c(3512), 131072 bytes at 0x7fd1d17cf050  	{D0 F6 80 D1 D1 7F 00 00 00 00 00 00 00 00 00 00 ................}
unfreed: <693> db.c(3512), 131072 bytes at 0x7fd1d17f0050  	{00 07 83 D1 D1 7F 00 00 00 00 00 00 00 00 00 00 ................}
unfreed: <692> db.c(3512), 131072 bytes at 0x7fd1d1811050  	{D0 16 85 D1 D1 7F 00 00 00 00 00 00 00 00 00 00 ................}
unfreed: <691> db.c(3512), 131072 bytes at 0x7fd1d1832050  	{90 24 87 D1 D1 7F 00 00 00 00 00 00 00 00 00 00 .$..............}
unfreed: <690> db.c(3512), 131072 bytes at 0x7fd1d1853050  	{10 33 89 D1 D1 7F 00 00 00 00 00 00 00 00 00 00 .3..............}
unfreed: <689> db.c(3512), 131072 bytes at 0x7fd1d1874050  	{10 43 8B D1 D1 7F 00 00 00 00 00 00 00 00 00 00 .C..............}
unfreed: <688> db.c(3512), 131072 bytes at 0x7fd1d1895050  	{10 53 8D D1 D1 7F 00 00 00 00 00 00 00 00 00 00 .S..............}
unfreed: <687> db.c(3512), 131072 bytes at 0x7fd1d18b6050  	{10 63 8F D1 D1 7F 00 00 00 00 00 00 00 00 00 00 .c..............}
unfreed: <686> db.c(3512), 131072 bytes at 0x7fd1d18d7050  	{00 73 91 D1 D1 7F 00 00 00 00 00 00 00 00 00 00 .s..............}
unfreed: <685> db.c(3512), 131072 bytes at 0x7fd1d18f8050  	{30 83 93 D1 D1 7F 00 00 00 00 00 00 00 00 00 00 0...............}
unfreed: <684> db.c(3512), 131072 bytes at 0x7fd1d1919050  	{10 93 95 D1 D1 7F 00 00 00 00 00 00 00 00 00 00 ................}
unfreed: <683> db.c(3512), 131072 bytes at 0x7fd1d193a050  	{10 A3 97 D1 D1 7F 00 00 00 00 00 00 00 00 00 00 ................}
unfreed: <682> db.c(3512), 131072 bytes at 0x7fd1d195b050  	{10 B3 99 D1 D1 7F 00 00 00 00 00 00 00 00 00 00 ................}
unfreed: <681> db.c(3512), 131072 bytes at 0x7fd1d197c050  	{10 C3 9B D1 D1 7F 00 00 00 00 00 00 00 00 00 00 ................}
unfreed: <680> db.c(3512), 131072 bytes at 0x7fd1d199d050  	{10 D3 9D D1 D1 7F 00 00 00 00 00 00 00 00 00 00 ................}
unfreed: <679> db.c(3512), 131072 bytes at 0x7fd1d19be050  	{10 E3 9F D1 D1 7F 00 00 00 00 00 00 00 00 00 00 ................}
unfreed: <678> db.c(3512), 131072 bytes at 0x7fd1d19df050  	{10 F3 A1 D1 D1 7F 00 00 00 00 00 00 00 00 00 00 ................}
unfreed: <677> db.c(3512), 131072 bytes at 0x7fd1d1a00050  	{10 03 A4 D1 D1 7F 00 00 00 00 00 00 00 00 00 00 ................}
unfreed: <676> db.c(3512), 131072 bytes at 0x7fd1d1a21050  	{10 13 A6 D1 D1 7F 00 00 00 00 00 00 00 00 00 00 ................}
unfreed: <675> db.c(3512), 131072 bytes at 0x7fd1d1a42050  	{10 23 A8 D1 D1 7F 00 00 00 00 00 00 00 00 00 00 .#..............}
unfreed: <674> db.c(3512), 131072 bytes at 0x7fd1d1a63050  	{10 33 AA D1 D1 7F 00 00 00 00 00 00 00 00 00 00 .3..............}
unfreed: <673> db.c(3512), 131072 bytes at 0x7fd1d1a84050  	{70 48 AC D1 D1 7F 00 00 00 00 00 00 00 00 00 00 pH..............}
unfreed: <672> db.c(3512), 131072 bytes at 0x7fd1d1aa5050  	{50 57 AE D1 D1 7F 00 00 00 00 00 00 00 00 00 00 PW..............}
unfreed: <671> db.c(3512), 131072 bytes at 0x7fd1d1ac6050  	{50 68 B0 D1 D1 7F 00 00 00 00 00 00 00 00 00 00 Ph..............}
unfreed: <670> db.c(3512), 131072 bytes at 0x7fd1d1ae7050  	{50 78 B2 D1 D1 7F 00 00 00 00 00 00 00 00 00 00 Px..............}
unfreed: <669> db.c(3512), 131072 bytes at 0x7fd1d1b08050  	{00 85 B4 D1 D1 7F 00 00 00 00 00 00 00 00 00 00 ................}
unfreed: <668> db.c(3512), 131072 bytes at 0x7fd1d1b29050  	{B0 96 B6 D1 D1 7F 00 00 00 00 00 00 00 00 00 00 ................}
unfreed: <667> db.c(3512), 131072 bytes at 0x7fd1d1b4a050  	{50 A8 B8 D1 D1 7F 00 00 00 00 00 00 00 00 00 00 P...............}
unfreed: <666> db.c(3512), 131072 bytes at 0x7fd1d1b6b050  	{C0 B6 BA D1 D1 7F 00 00 00 00 00 00 00 00 00 00 ................}
unfreed: <665> db.c(3512), 131072 bytes at 0x7fd1d1b8c050  	{90 C8 BC D1 D1 7F 00 00 00 00 00 00 00 00 00 00 ................}
unfreed: <664> db.c(3512), 131072 bytes at 0x7fd1d1bad050  	{50 D7 BE D1 D1 7F 00 00 00 00 00 00 00 00 00 00 P...............}
unfreed: <663> db.c(3512), 131072 bytes at 0x7fd1d1bce050  	{30 E8 C0 D1 D1 7F 00 00 00 00 00 00 00 00 00 00 0...............}
unfreed: <662> db.c(3512), 131072 bytes at 0x7fd1d1bef050  	{A0 F8 C2 D1 D1 7F 00 00 00 00 00 00 00 00 00 00 ................}
unfreed: <661> db.c(3512), 131072 bytes at 0x7fd1d1c10050  	{20 03 C5 D1 D1 7F 00 00 00 00 00 00 00 00 00 00  ...............}
unfreed: <660> db.c(3512), 131072 bytes at 0x7fd1d1c31050  	{F0 12 C7 D1 D1 7F 00 00 00 00 00 00 00 00 00 00 ................}
unfreed: <659> db.c(3512), 131072 bytes at 0x7fd1d1c52050  	{00 29 C9 D1 D1 7F 00 00 00 00 00 00 00 00 00 00 .)..............}
unfreed: <658> db.c(3512), 131072 bytes at 0x7fd1d1c73050  	{70 37 CB D1 D1 7F 00 00 00 00 00 00 00 00 00 00 p7..............}
unfreed: <657> db.c(3512), 131072 bytes at 0x7fd1d1c94050  	{B0 47 CD D1 D1 7F 00 00 00 00 00 00 00 00 00 00 .G..............}
unfreed: <656> db.c(3512), 131072 bytes at 0x7fd1d1cb5050  	{10 57 CF D1 D1 7F 00 00 00 00 00 00 00 00 00 00 .W..............}
unfreed: <655> db.c(3512), 131072 bytes at 0x7fd1d1cd6050  	{90 68 D1 D1 D1 7F 00 00 00 00 00 00 00 00 00 00 .h..............}
unfreed: <654> db.c(3512), 131072 bytes at 0x7fd1d1cf7050  	{50 78 D3 D1 D1 7F 00 00 00 00 00 00 00 00 00 00 Px..............}
unfreed: <653> db.c(3512), 131072 bytes at 0x7fd1d1d18050  	{40 84 D5 D1 D1 7F 00 00 00 00 00 00 00 00 00 00 @...............}
unfreed: <652> db.c(3512), 131072 bytes at 0x7fd1d1d39050  	{23 30 5B 23 50 2A 23 30 5D 23 52 53 68 61 70 65 #0[#P*#0]#RShape}
unfreed: <651> db.c(3512), 131072 bytes at 0x7fd1d1d5a050  	{50 A8 D9 D1 D1 7F 00 00 00 00 00 00 00 00 00 00 P...............}
unfreed: <650> db.c(3512), 131072 bytes at 0x7fd1d1d7b050  	{00 B7 DB D1 D1 7F 00 00 00 00 00 00 00 00 00 00 ................}
unfreed: <649> db.c(3512), 131072 bytes at 0x7fd1d1d9c050  	{50 C8 DD D1 D1 7F 00 00 00 00 00 00 00 00 00 00 P...............}
unfreed: <648> db.c(3512), 131072 bytes at 0x7fd1d1dbd050  	{10 D7 DF D1 D1 7F 00 00 00 00 00 00 00 00 00 00 ................}
unfreed: <647> db.c(3512), 131072 bytes at 0x7fd1d1dde050  	{50 E8 E1 D1 D1 7F 00 00 00 00 00 00 00 00 00 00 P...............}
unfreed: <646> db.c(3512), 131072 bytes at 0x7fd1d1dff050  	{00 F9 E3 D1 D1 7F 00 00 00 00 00 00 00 00 00 00 ................}
unfreed: <645> db.c(3512), 131072 bytes at 0x7fd1d1e20050  	{20 05 E6 D1 D1 7F 00 00 00 00 00 00 00 00 00 00  ...............}
unfreed: <644> db.c(3512), 131072 bytes at 0x7fd1d1e41050  	{A0 17 E8 D1 D1 7F 00 00 00 00 00 00 00 00 00 00 ................}
unfreed: <643> db.c(3512), 131072 bytes at 0x7fd1d1e62050  	{50 28 EA D1 D1 7F 00 00 00 00 00 00 00 00 00 00 P(..............}
unfreed: <642> db.c(3512), 131072 bytes at 0x7fd1d1e83050  	{00 37 EC D1 D1 7F 00 00 00 00 00 00 00 00 00 00 .7..............}
unfreed: <641> db.c(3512), 131072 bytes at 0x7fd1d1ea4050  	{D0 46 EE D1 D1 7F 00 00 00 00 00 00 00 00 00 00 .F..............}
unfreed: <640> db.c(3512), 131072 bytes at 0x7fd1d1ec5050  	{20 53 F0 D1 D1 7F 00 00 00 00 00 00 00 00 00 00  S..............}
unfreed: <639> db.c(3512), 131072 bytes at 0x7fd1d1ee6050  	{23 57 53 23 4C 6F 6D 23 57 65 20 23 4C 68 23 57 #WS#Lom#We #Lh#W}
unfreed: <638> db.c(3512), 131072 bytes at 0x7fd1d1f07050  	{80 81 D8 D2 D1 7F 00 00 00 00 00 00 00 00 00 00 ................}
unfreed: <637> db.c(3512), 131072 bytes at 0x7fd1d1f28050  	{F0 97 DF D2 D1 7F 00 00 00 00 00 00 00 00 00 00 ................}
unfreed: <636> db.c(3512), 131072 bytes at 0x7fd1d1f49050  	{C0 94 F8 D1 D1 7F 00 00 00 00 00 00 00 00 00 00 ................}
unfreed: <635> db.c(3512), 131072 bytes at 0x7fd1d1f6a050  	{D0 A2 FA D1 D1 7F 00 00 00 00 00 00 00 00 00 00 ................}
unfreed: <634> db.c(3512), 131072 bytes at 0x7fd1d1f8b050  	{60 B6 FC D1 D1 7F 00 00 00 00 00 00 00 00 00 00 `...............}
unfreed: <633> db.c(3512), 131072 bytes at 0x7fd1d1fac050  	{B0 C3 FE D1 D1 7F 00 00 00 00 00 00 00 00 00 00 ................}
unfreed: <632> db.c(3512), 131072 bytes at 0x7fd1d1fcd050  	{50 D2 00 D2 D1 7F 00 00 00 00 00 00 00 00 00 00 P...............}
unfreed: <631> db.c(3512), 131072 bytes at 0x7fd1d1fee050  	{70 E7 02 D2 D1 7F 00 00 00 00 00 00 00 00 00 00 p...............}
unfreed: <630> db.c(3512), 131072 bytes at 0x7fd1d200f050  	{10 F4 04 D2 D1 7F 00 00 00 00 00 00 00 00 00 00 ................}
unfreed: <629> db.c(3512), 131072 bytes at 0x7fd1d2030050  	{10 04 07 D2 D1 7F 00 00 00 00 00 00 00 00 00 00 ................}
unfreed: <628> db.c(3512), 131072 bytes at 0x7fd1d2051050  	{30 14 09 D2 D1 7F 00 00 00 00 00 00 00 00 00 00 0...............}
unfreed: <627> db.c(3512), 131072 bytes at 0x7fd1d2072050  	{23 72 41 20 73 23 79 74 72 23 37 61 6E 23 79 67 #rA s#ytr#7an#yg}
unfreed: <626> db.c(3512), 131072 bytes at 0x7fd1d2093050  	{00 36 0D D2 D1 7F 00 00 00 00 00 00 00 00 00 00 .6..............}
unfreed: <625> db.c(3512), 131072 bytes at 0x7fd1d20b4050  	{B0 46 0F D2 D1 7F 00 00 00 00 00 00 00 00 00 00 .F..............}
unfreed: <624> db.c(3512), 131072 bytes at 0x7fd1d20d5050  	{D0 58 11 D2 D1 7F 00 00 00 00 00 00 00 00 00 00 .X..............}
unfreed: <623> db.c(3512), 131072 bytes at 0x7fd1d20f6050  	{D0 65 13 D2 D1 7F 00 00 00 00 00 00 00 00 00 00 .e..............}
unfreed: <622> db.c(3512), 131072 bytes at 0x7fd1d2117050  	{23 72 41 20 73 23 79 74 72 23 37 61 6E 23 79 67 #rA s#ytr#7an#yg}
unfreed: <621> db.c(3512), 131072 bytes at 0x7fd1d2138050  	{40 83 17 D2 D1 7F 00 00 00 00 00 00 00 00 00 00 @...............}
unfreed: <620> db.c(3512), 131072 bytes at 0x7fd1d2159050  	{30 97 19 D2 D1 7F 00 00 00 00 00 00 00 00 00 00 0...............}
unfreed: <619> db.c(3512), 131072 bytes at 0x7fd1d217a050  	{A0 A8 1B D2 D1 7F 00 00 00 00 00 00 00 00 00 00 ................}
unfreed: <618> db.c(3512), 131072 bytes at 0x7fd1d219b050  	{90 B5 1D D2 D1 7F 00 00 00 00 00 00 00 00 00 00 ................}
unfreed: <617> db.c(3512), 131072 bytes at 0x7fd1d21bc050  	{90 C4 1F D2 D1 7F 00 00 00 00 00 00 00 00 00 00 ................}
unfreed: <616> db.c(3512), 131072 bytes at 0x7fd1d21dd050  	{B0 D4 21 D2 D1 7F 00 00 00 00 00 00 00 00 00 00 ..!.............}
unfreed: <615> db.c(3512), 131072 bytes at 0x7fd1d21fe050  	{23 30 41 20 53 77 61 72 6D 20 6F 66 20 46 6C 65 #0A Swarm of Fle}
unfreed: <614> db.c(3512), 131072 bytes at 0x7fd1d221f050  	{10 F3 25 D2 D1 7F 00 00 00 00 00 00 00 00 00 00 ..%.............}
unfreed: <613> db.c(3512), 131072 bytes at 0x7fd1d2240050  	{30 04 28 D2 D1 7F 00 00 00 00 00 00 00 00 00 00 0.(.............}
unfreed: <612> db.c(3512), 131072 bytes at 0x7fd1d2261050  	{70 13 2A D2 D1 7F 00 00 00 00 00 00 00 00 00 00 p.*.............}
unfreed: <611> db.c(3512), 131072 bytes at 0x7fd1d2282050  	{90 27 2C D2 D1 7F 00 00 00 00 00 00 00 00 00 00 .',.............}
unfreed: <610> db.c(3512), 131072 bytes at 0x7fd1d22a3050  	{C0 37 2E D2 D1 7F 00 00 00 00 00 00 00 00 00 00 .7..............}
unfreed: <609> db.c(3512), 131072 bytes at 0x7fd1d22c4050  	{00 46 30 D2 D1 7F 00 00 00 00 00 00 00 00 00 00 .F0.............}
unfreed: <608> db.c(3512), 131072 bytes at 0x7fd1d22e5050  	{A0 53 32 D2 D1 7F 00 00 00 00 00 00 00 00 00 00 .S2.............}
unfreed: <607> db.c(3512), 131072 bytes at 0x7fd1d2306050  	{F0 67 34 D2 D1 7F 00 00 00 00 00 00 00 00 00 00 .g4.............}
unfreed: <606> db.c(3512), 131072 bytes at 0x7fd1d2327050  	{23 30 41 6E 20 41 62 6E 6F 72 6D 61 6C 6C 79 20 #0An Abnormally }
unfreed: <605> db.c(3512), 131072 bytes at 0x7fd1d2348050  	{10 88 38 D2 D1 7F 00 00 00 00 00 00 00 00 00 00 ..8.............}
unfreed: <604> db.c(3512), 131072 bytes at 0x7fd1d2369050  	{40 96 3A D2 D1 7F 00 00 00 00 00 00 00 00 00 00 @.:.............}
unfreed: <603> db.c(3512), 131072 bytes at 0x7fd1d238a050  	{70 A7 3C D2 D1 7F 00 00 00 00 00 00 00 00 00 00 p.<.............}
unfreed: <602> db.c(3512), 131072 bytes at 0x7fd1d23ab050  	{90 B2 3E D2 D1 7F 00 00 00 00 00 00 00 00 00 00 ..>.............}
unfreed: <601> db.c(3512), 131072 bytes at 0x7fd1d23cc050  	{D0 C3 40 D2 D1 7F 00 00 00 00 00 00 00 00 00 00 ..@.............}
unfreed: <600> db.c(3512), 131072 bytes at 0x7fd1d23ed050  	{70 D4 42 D2 D1 7F 00 00 00 00 00 00 00 00 00 00 p.B.............}
unfreed: <599> db.c(3512), 131072 bytes at 0x7fd1d240e050  	{A0 E7 44 D2 D1 7F 00 00 00 00 00 00 00 00 00 00 ..D.............}
unfreed: <598> db.c(3512), 131072 bytes at 0x7fd1d242f050  	{B0 F7 46 D2 D1 7F 00 00 00 00 00 00 00 00 00 00 ..F.............}
unfreed: <597> db.c(3512), 131072 bytes at 0x7fd1d2450050  	{50 07 49 D2 D1 7F 00 00 00 00 00 00 00 00 00 00 P.I.............}
unfreed: <596> db.c(3512), 131072 bytes at 0x7fd1d2471050  	{60 15 4B D2 D1 7F 00 00 00 00 00 00 00 00 00 00 `.K.............}
unfreed: <595> db.c(3512), 131072 bytes at 0x7fd1d2492050  	{23 67 41 20 23 30 4C 6F 73 74 20 23 59 50 23 72 #gA #0Lost #YP#r}
unfreed: <594> db.c(3512), 131072 bytes at 0x7fd1d24b3050  	{60 38 4F D2 D1 7F 00 00 00 00 00 00 00 00 00 00 `8O.............}
unfreed: <593> db.c(3512), 131072 bytes at 0x7fd1d24d4050  	{23 52 41 20 23 72 47 69 61 6E 74 20 23 52 43 65 #RA #rGiant #RCe}
unfreed: <592> db.c(3512), 131072 bytes at 0x7fd1d24f5050  	{90 56 53 D2 D1 7F 00 00 00 00 00 00 00 00 00 00 .VS.............}
unfreed: <591> db.c(3512), 131072 bytes at 0x7fd1d2516050  	{D0 62 55 D2 D1 7F 00 00 00 00 00 00 00 00 00 00 .bU.............}
unfreed: <590> db.c(3512), 131072 bytes at 0x7fd1d2537050  	{E0 76 57 D2 D1 7F 00 00 00 00 00 00 00 00 00 00 .vW.............}
unfreed: <589> db.c(3512), 131072 bytes at 0x7fd1d2558050  	{B0 87 59 D2 D1 7F 00 00 00 00 00 00 00 00 00 00 ..Y.............}
unfreed: <588> db.c(3512), 131072 bytes at 0x7fd1d2579050  	{E0 93 5B D2 D1 7F 00 00 00 00 00 00 00 00 00 00 ..[.............}
unfreed: <587> db.c(3512), 131072 bytes at 0x7fd1d259a050  	{D0 A3 5D D2 D1 7F 00 00 00 00 00 00 00 00 00 00 ..].............}
unfreed: <586> db.c(3512), 131072 bytes at 0x7fd1d25bb050  	{00 B5 5F D2 D1 7F 00 00 00 00 00 00 00 00 00 00 .._.............}
unfreed: <585> db.c(3512), 131072 bytes at 0x7fd1d25dc050  	{23 37 41 20 23 30 47 69 61 6E 74 20 23 37 57 68 #7A #0Giant #7Wh}
unfreed: <584> db.c(3512), 131072 bytes at 0x7fd1d25fd050  	{B0 D2 63 D2 D1 7F 00 00 00 00 00 00 00 00 00 00 ..c.............}
unfreed: <583> db.c(3512), 131072 bytes at 0x7fd1d261e050  	{30 E8 65 D2 D1 7F 00 00 00 00 00 00 00 00 00 00 0.e.............}
unfreed: <582> db.c(3512), 131072 bytes at 0x7fd1d263f050  	{20 F3 67 D2 D1 7F 00 00 00 00 00 00 00 00 00 00  .g.............}
unfreed: <581> db.c(3512), 131072 bytes at 0x7fd1d2660050  	{70 04 6A D2 D1 7F 00 00 00 00 00 00 00 00 00 00 p.j.............}
unfreed: <580> db.c(3512), 131072 bytes at 0x7fd1d2681050  	{C0 15 6C D2 D1 7F 00 00 00 00 00 00 00 00 00 00 ..l.............}
unfreed: <579> db.c(3512), 131072 bytes at 0x7fd1d26a2050  	{20 26 6E D2 D1 7F 00 00 00 00 00 00 00 00 00 00  &n.............}
unfreed: <578> db.c(3512), 131072 bytes at 0x7fd1d26c3050  	{40 36 70 D2 D1 7F 00 00 00 00 00 00 00 00 00 00 @6p.............}
unfreed: <577> db.c(3512), 131072 bytes at 0x7fd1d26e4050  	{4E 65 63 72 6F 6D 61 6E 74 69 63 20 53 68 61 6D Necromantic Sham}
unfreed: <576> db.c(3512), 131072 bytes at 0x7fd1d2705050  	{C0 55 74 D2 D1 7F 00 00 00 00 00 00 00 00 00 00 .Ut.............}
unfreed: <575> db.c(3512), 131072 bytes at 0x7fd1d2726050  	{E0 62 76 D2 D1 7F 00 00 00 00 00 00 00 00 00 00 .bv.............}
unfreed: <574> db.c(3512), 131072 bytes at 0x7fd1d2747050  	{B0 72 78 D2 D1 7F 00 00 00 00 00 00 00 00 00 00 .rx.............}
unfreed: <573> db.c(3512), 131072 bytes at 0x7fd1d2768050  	{A0 88 7A D2 D1 7F 00 00 00 00 00 00 00 00 00 00 ..z.............}
unfreed: <572> db.c(3512), 131072 bytes at 0x7fd1d2789050  	{D0 96 7C D2 D1 7F 00 00 00 00 00 00 00 00 00 00 ..|.............}
unfreed: <571> db.c(3512), 131072 bytes at 0x7fd1d27aa050  	{E0 A7 7E D2 D1 7F 00 00 00 00 00 00 00 00 00 00 ..~.............}
unfreed: <570> db.c(3512), 131072 bytes at 0x7fd1d27cb050  	{54 68 61 74 20 62 69 74 63 68 20 6A 75 73 74 20 That bitch just }
unfreed: <569> db.c(3512), 131072 bytes at 0x7fd1d27ec050  	{C0 C7 82 D2 D1 7F 00 00 00 00 00 00 00 00 00 00 ................}
unfreed: <568> db.c(3512), 131072 bytes at 0x7fd1d280d050  	{10 D3 84 D2 D1 7F 00 00 00 00 00 00 00 00 00 00 ................}
unfreed: <567> db.c(3512), 131072 bytes at 0x7fd1d282e050  	{10 E3 86 D2 D1 7F 00 00 00 00 00 00 00 00 00 00 ................}
unfreed: <566> db.c(3512), 131072 bytes at 0x7fd1d284f050  	{60 F3 88 D2 D1 7F 00 00 00 00 00 00 00 00 00 00 `...............}
unfreed: <565> db.c(3512), 131072 bytes at 0x7fd1d2870050  	{E0 04 8B D2 D1 7F 00 00 00 00 00 00 00 00 00 00 ................}
unfreed: <564> db.c(3512), 131072 bytes at 0x7fd1d2891050  	{50 15 8D D2 D1 7F 00 00 00 00 00 00 00 00 00 00 P...............}
unfreed: <563> db.c(3512), 131072 bytes at 0x7fd1d28b2050  	{B0 22 8F D2 D1 7F 00 00 00 00 00 00 00 00 00 00 ."..............}
unfreed: <562> db.c(3512), 131072 bytes at 0x7fd1d28d3050  	{A0 35 91 D2 D1 7F 00 00 00 00 00 00 00 00 00 00 .5..............}
unfreed: <561> db.c(3512), 131072 bytes at 0x7fd1d28f4050  	{F0 45 93 D2 D1 7F 00 00 00 00 00 00 00 00 00 00 .E..............}
unfreed: <560> db.c(3512), 131072 bytes at 0x7fd1d2915050  	{60 56 95 D2 D1 7F 00 00 00 00 00 00 00 00 00 00 `V..............}
unfreed: <559> db.c(3512), 131072 bytes at 0x7fd1d2936050  	{80 62 97 D2 D1 7F 00 00 00 00 00 00 00 00 00 00 .b..............}
unfreed: <558> db.c(3512), 131072 bytes at 0x7fd1d2957050  	{70 72 99 D2 D1 7F 00 00 00 00 00 00 00 00 00 00 pr..............}
unfreed: <557> db.c(3512), 131072 bytes at 0x7fd1d2978050  	{A0 84 9B D2 D1 7F 00 00 00 00 00 00 00 00 00 00 ................}
unfreed: <556> db.c(3512), 131072 bytes at 0x7fd1d2999050  	{E0 91 9D D2 D1 7F 00 00 00 00 00 00 00 00 00 00 ................}
unfreed: <555> db.c(3512), 131072 bytes at 0x7fd1d29ba050  	{54 68 65 20 73 69 63 6B 20 73 6F 62 20 69 73 20 The sick sob is }
unfreed: <554> db.c(3512), 131072 bytes at 0x7fd1d29db050  	{B0 B1 A1 D2 D1 7F 00 00 00 00 00 00 00 00 00 00 ................}
unfreed: <553> db.c(3512), 131072 bytes at 0x7fd1d29fc050  	{00 C5 A3 D2 D1 7F 00 00 00 00 00 00 00 00 00 00 ................}
unfreed: <552> db.c(3512), 131072 bytes at 0x7fd1d2a1d050  	{E0 D6 A5 D2 D1 7F 00 00 00 00 00 00 00 00 00 00 ................}
unfreed: <551> db.c(3512), 131072 bytes at 0x7fd1d2a3e050  	{F0 E4 A7 D2 D1 7F 00 00 00 00 00 00 00 00 00 00 ................}
unfreed: <550> db.c(3512), 131072 bytes at 0x7fd1d2a5f050  	{50 6F 77 65 72 66 75 6C 20 6D 6F 6E 73 74 65 72 Powerful monster}
unfreed: <549> db.c(3512), 131072 bytes at 0x7fd1d2a80050  	{B0 D5 89 D0 D1 7F 00 00 00 00 00 00 00 00 00 00 ................}
unfreed: <548> db.c(3512), 131072 bytes at 0x7fd1d2aa1050  	{B0 F4 AD D2 D1 7F 00 00 00 00 00 00 00 00 00 00 ................}
unfreed: <547> db.c(3512), 131072 bytes at 0x7fd1d2ac2050  	{40 25 B0 D2 D1 7F 00 00 00 00 00 00 00 00 00 00 @%..............}
unfreed: <546> db.c(3512), 131072 bytes at 0x7fd1d2ae3050  	{60 37 B2 D2 D1 7F 00 00 00 00 00 00 00 00 00 00 `7..............}
unfreed: <545> db.c(3512), 131072 bytes at 0x7fd1d2b04050  	{F0 45 B4 D2 D1 7F 00 00 00 00 00 00 00 00 00 00 .E..............}
unfreed: <544> db.c(3512), 131072 bytes at 0x7fd1d2b25050  	{60 54 B6 D2 D1 7F 00 00 00 00 00 00 00 00 00 00 `T..............}
unfreed: <543> db.c(3512), 131072 bytes at 0x7fd1d2b46050  	{C0 63 B8 D2 D1 7F 00 00 00 00 00 00 00 00 00 00 .c..............}
unfreed: <542> db.c(3512), 131072 bytes at 0x7fd1d2b67050  	{D0 76 BA D2 D1 7F 00 00 00 00 00 00 00 00 00 00 .v..............}
unfreed: <541> db.c(3512), 131072 bytes at 0x7fd1d2b88050  	{D0 86 BC D2 D1 7F 00 00 00 00 00 00 00 00 00 00 ................}
unfreed: <540> db.c(3512), 131072 bytes at 0x7fd1d2ba9050  	{D0 96 BE D2 D1 7F 00 00 00 00 00 00 00 00 00 00 ................}
unfreed: <539> db.c(3512), 131072 bytes at 0x7fd1d2bca050  	{D0 A6 C0 D2 D1 7F 00 00 00 00 00 00 00 00 00 00 ................}
unfreed: <538> db.c(3512), 131072 bytes at 0x7fd1d2beb050  	{D0 B6 C2 D2 D1 7F 00 00 00 00 00 00 00 00 00 00 ................}
unfreed: <537> db.c(3512), 131072 bytes at 0x7fd1d2c0c050  	{D0 C8 C4 D2 D1 7F 00 00 00 00 00 00 00 00 00 00 ................}
unfreed: <536> db.c(3512), 131072 bytes at 0x7fd1d2c2d050  	{B0 D6 C6 D2 D1 7F 00 00 00 00 00 00 00 00 00 00 ................}
unfreed: <535> db.c(3512), 131072 bytes at 0x7fd1d2c4e050  	{40 E2 C8 D2 D1 7F 00 00 00 00 00 00 00 00 00 00 @...............}
unfreed: <534> db.c(3512), 131072 bytes at 0x7fd1d2c6f050  	{A0 F2 CA D2 D1 7F 00 00 00 00 00 00 00 00 00 00 ................}
unfreed: <533> db.c(3512), 131072 bytes at 0x7fd1d2c90050  	{50 04 CD D2 D1 7F 00 00 00 00 00 00 00 00 00 00 P...............}
unfreed: <532> db.c(3512), 131072 bytes at 0x7fd1d2cb1050  	{C0 14 CF D2 D1 7F 00 00 00 00 00 00 00 00 00 00 ................}
unfreed: <531> db.c(3512), 131072 bytes at 0x7fd1d2cd2050  	{00 26 D1 D2 D1 7F 00 00 00 00 00 00 00 00 00 00 .&..............}
unfreed: <530> db.c(3512), 131072 bytes at 0x7fd1d2cf3050  	{F0 33 D3 D2 D1 7F 00 00 00 00 00 00 00 00 00 00 .3..............}
unfreed: <529> db.c(3512), 131072 bytes at 0x7fd1d2d14050  	{00 47 D5 D2 D1 7F 00 00 00 00 00 00 00 00 00 00 .G..............}
unfreed: <528> db.c(3512), 131072 bytes at 0x7fd1d2d35050  	{50 54 D7 D2 D1 7F 00 00 00 00 00 00 00 00 00 00 PT..............}
unfreed: <527> db.c(3512), 131072 bytes at 0x7fd1d2d56050  	{E0 67 D9 D2 D1 7F 00 00 00 00 00 00 00 00 00 00 .g..............}
unfreed: <526> db.c(3512), 131072 bytes at 0x7fd1d2d77050  	{C0 78 DB D2 D1 7F 00 00 00 00 00 00 00 00 00 00 .x..............}
unfreed: <525> db.c(3512), 131072 bytes at 0x7fd1d2d98050  	{30 89 DD D2 D1 7F 00 00 00 00 00 00 00 00 00 00 0...............}
unfreed: <524> db.c(3512), 131072 bytes at 0x7fd1d2db9050  	{D0 90 DF D2 D1 7F 00 00 00 00 00 00 00 00 00 00 ................}
unfreed: <523> db.c(3512), 131072 bytes at 0x7fd1d2dda050  	{90 A5 E1 D2 D1 7F 00 00 00 00 00 00 00 00 00 00 ................}
unfreed: <522> db.c(3512), 131072 bytes at 0x7fd1d2dfb050  	{50 B6 E3 D2 D1 7F 00 00 00 00 00 00 00 00 00 00 P...............}
unfreed: <521> db.c(3512), 131072 bytes at 0x7fd1d2e1c050  	{40 C5 E5 D2 D1 7F 00 00 00 00 00 00 00 00 00 00 @...............}
unfreed: <520> db.c(3512), 131072 bytes at 0x7fd1d2e3d050  	{48 65 20 77 61 6E 74 73 20 74 6F 20 68 61 76 65 He wants to have}
unfreed: <519> db.c(3512), 131072 bytes at 0x7fd1d2e5e050  	{40 E8 E9 D2 D1 7F 00 00 00 00 00 00 00 00 00 00 @...............}
unfreed: <518> db.c(3512), 131072 bytes at 0x7fd1d2e7f050  	{50 F4 EB D2 D1 7F 00 00 00 00 00 00 00 00 00 00 P...............}
unfreed: <517> db.c(3512), 131072 bytes at 0x7fd1d2ea0050  	{70 08 EE D2 D1 7F 00 00 00 00 00 00 00 00 00 00 p...............}
unfreed: <516> db.c(3512), 131072 bytes at 0x7fd1d2ec1050  	{A0 12 F0 D2 D1 7F 00 00 00 00 00 00 00 00 00 00 ................}
unfreed: <515> db.c(3512), 131072 bytes at 0x7fd1d2ee2050  	{C0 22 F2 D2 D1 7F 00 00 00 00 00 00 00 00 00 00 ."..............}
unfreed: <514> db.c(3512), 131072 bytes at 0x7fd1d2f03050  	{00 36 F4 D2 D1 7F 00 00 00 00 00 00 00 00 00 00 .6..............}
unfreed: <513> db.c(3512), 131072 bytes at 0x7fd1d2f24050  	{F0 48 F6 D2 D1 7F 00 00 00 00 00 00 00 00 00 00 .H..............}
unfreed: <512> db.c(3512), 131072 bytes at 0x7fd1d2f45050  	{23 67 41 20 23 59 50 23 72 79 23 59 67 23 72 6D #gA #YP#ry#Yg#rm}
unfreed: <511> db.c(3512), 131072 bytes at 0x7fd1d2f66050  	{10 65 FA D2 D1 7F 00 00 00 00 00 00 00 00 00 00 .e..............}
unfreed: <510> db.c(3512), 131072 bytes at 0x7fd1d2f87050  	{B0 75 FC D2 D1 7F 00 00 00 00 00 00 00 00 00 00 .u..............}
unfreed: <509> db.c(3512), 131072 bytes at 0x7fd1d2fa8050  	{23 30 41 20 23 37 48 55 47 45 20 23 30 62 6C 61 #0A #7HUGE #0bla}
unfreed: <508> db.c(3512), 131072 bytes at 0x7fd1d2fc9050  	{00 94 00 D3 D1 7F 00 00 00 00 00 00 00 00 00 00 ................}
unfreed: <507> db.c(3512), 131072 bytes at 0x7fd1d2fea050  	{D0 A6 02 D3 D1 7F 00 00 00 00 00 00 00 00 00 00 ................}
unfreed: <506> db.c(3512), 131072 bytes at 0x7fd1d300b050  	{60 B7 04 D3 D1 7F 00 00 00 00 00 00 00 00 00 00 `...............}
unfreed: <505> db.c(3512), 131072 bytes at 0x7fd1d302c050  	{A0 C6 06 D3 D1 7F 00 00 00 00 00 00 00 00 00 00 ................}
unfreed: <504> db.c(3512), 131072 bytes at 0x7fd1d304d050  	{A0 D7 08 D3 D1 7F 00 00 00 00 00 00 00 00 00 00 ................}
unfreed: <503> db.c(3512), 131072 bytes at 0x7fd1d306e050  	{D0 E6 0A D3 D1 7F 00 00 00 00 00 00 00 00 00 00 ................}
unfreed: <502> db.c(3512), 131072 bytes at 0x7fd1d308f050  	{D0 F6 0C D3 D1 7F 00 00 00 00 00 00 00 00 00 00 ................}
unfreed: <501> db.c(3512), 131072 bytes at 0x7fd1d30b0050  	{D0 04 0F D3 D1 7F 00 00 00 00 00 00 00 00 00 00 ................}
unfreed: <500> db.c(3512), 131072 bytes at 0x7fd1d30d1050  	{A0 13 11 D3 D1 7F 00 00 00 00 00 00 00 00 00 00 ................}
unfreed: <499> db.c(3512), 131072 bytes at 0x7fd1d30f2050  	{F0 21 13 D3 D1 7F 00 00 00 00 00 00 00 00 00 00 .!..............}
unfreed: <498> db.c(3512), 131072 bytes at 0x7fd1d3113050  	{80 33 15 D3 D1 7F 00 00 00 00 00 00 00 00 00 00 .3..............}
unfreed: <497> db.c(3512), 131072 bytes at 0x7fd1d3134050  	{27 49 20 77 69 6C 6C 20 67 75 61 72 64 20 65 76 'I will guard ev}
unfreed: <496> db.c(3512), 131072 bytes at 0x7fd1d3155050  	{80 56 19 D3 D1 7F 00 00 00 00 00 00 00 00 00 00 .V..............}
unfreed: <495> db.c(3512), 131072 bytes at 0x7fd1d3176050  	{90 61 1B D3 D1 7F 00 00 00 00 00 00 00 00 00 00 .a..............}
unfreed: <494> db.c(3512), 131072 bytes at 0x7fd1d3197050  	{70 70 1D D3 D1 7F 00 00 00 00 00 00 00 00 00 00 pp..............}
unfreed: <493> db.c(3512), 131072 bytes at 0x7fd1d31b8050  	{00 82 1F D3 D1 7F 00 00 00 00 00 00 00 00 00 00 ................}
unfreed: <492> db.c(3512), 131072 bytes at 0x7fd1d31d9050  	{80 C9 9B D0 D1 7F 00 00 00 00 00 00 00 00 00 00 ................}
unfreed: <491> db.c(3512), 131072 bytes at 0x7fd1d31fa050  	{54 68 69 73 20 69 73 20 6A 75 73 74 20 61 20 6C This is just a l}
unfreed: <490> db.c(3512), 131072 bytes at 0x7fd1d321b050  	{D0 B2 25 D3 D1 7F 00 00 00 00 00 00 00 00 00 00 ..%.............}
unfreed: <489> db.c(3512), 131072 bytes at 0x7fd1d323c050  	{41 6E 20 41 74 6C 61 6E 74 69 73 20 47 75 61 72 An Atlantis Guar}
unfreed: <488> db.c(3512), 131072 bytes at 0x7fd1d325d050  	{10 D1 29 D3 D1 7F 00 00 00 00 00 00 00 00 00 00 ..).............}
unfreed: <487> db.c(3512), 131072 bytes at 0x7fd1d327e050  	{10 E3 2B D3 D1 7F 00 00 00 00 00 00 00 00 00 00 ..+.............}
unfreed: <486> db.c(3512), 131072 bytes at 0x7fd1d329f050  	{54 68 65 20 67 68 6F 73 74 20 6D 61 6B 65 73 20 The ghost makes }
unfreed: <485> db.c(3512), 131072 bytes at 0x7fd1d32c0050  	{A0 04 30 D3 D1 7F 00 00 00 00 00 00 00 00 00 00 ..0.............}
unfreed: <484> db.c(3512), 131072 bytes at 0x7fd1d32e1050  	{F0 10 32 D3 D1 7F 00 00 00 00 00 00 00 00 00 00 ..2.............}
unfreed: <483> db.c(3512), 131072 bytes at 0x7fd1d3302050  	{40 25 34 D3 D1 7F 00 00 00 00 00 00 00 00 00 00 @%4.............}
unfreed: <482> db.c(3512), 131072 bytes at 0x7fd1d3323050  	{E0 2D 36 D3 D1 7F 00 00 00 00 00 00 00 00 00 00 .-6.............}
unfreed: <481> db.c(3512), 131072 bytes at 0x7fd1d3344050  	{41 20 6C 6F 6E 67 20 73 6C 69 6D 20 64 61 67 67 A long slim dagg}
unfreed: <480> db.c(3512), 131072 bytes at 0x7fd1d3365050  	{30 5E 3A D3 D1 7F 00 00 00 00 00 00 00 00 00 00 0^:.............}
unfreed: <479> db.c(3512), 131072 bytes at 0x7fd1d3386050  	{80 65 3C D3 D1 7F 00 00 00 00 00 00 00 00 00 00 .e<.............}
unfreed: <478> db.c(3512), 131072 bytes at 0x7fd1d33a7050  	{40 73 3E D3 D1 7F 00 00 00 00 00 00 00 00 00 00 @s>.............}
unfreed: <477> db.c(3512), 131072 bytes at 0x7fd1d33c8050  	{73 70 69 72 69 74 20 63 61 73 74 6C 65 20 67 68 spirit castle gh}
unfreed: <476> db.c(3512), 131072 bytes at 0x7fd1d33e9050  	{70 93 42 D3 D1 7F 00 00 00 00 00 00 00 00 00 00 p.B.............}
unfreed: <475> db.c(3512), 131072 bytes at 0x7fd1d340a050  	{30 A5 44 D3 D1 7F 00 00 00 00 00 00 00 00 00 00 0.D.............}
unfreed: <474> db.c(3512), 131072 bytes at 0x7fd1d342b050  	{10 B5 46 D3 D1 7F 00 00 00 00 00 00 00 00 00 00 ..F.............}
unfreed: <473> db.c(3512), 131072 bytes at 0x7fd1d344c050  	{F0 C2 48 D3 D1 7F 00 00 00 00 00 00 00 00 00 00 ..H.............}
unfreed: <472> db.c(3512), 131072 bytes at 0x7fd1d346d050  	{90 CC 4A D3 D1 7F 00 00 00 00 00 00 00 00 00 00 ..J.............}
unfreed: <471> db.c(3512), 131072 bytes at 0x7fd1d348e050  	{30 E6 4C D3 D1 7F 00 00 00 00 00 00 00 00 00 00 0.L.............}
unfreed: <470> db.c(3512), 131072 bytes at 0x7fd1d34af050  	{A0 F3 4E D3 D1 7F 00 00 00 00 00 00 00 00 00 00 ..N.............}
unfreed: <469> db.c(3512), 131072 bytes at 0x7fd1d34d0050  	{20 00 51 D3 D1 7F 00 00 00 00 00 00 00 00 00 00  .Q.............}
unfreed: <468> db.c(3512), 131072 bytes at 0x7fd1d34f1050  	{20 15 53 D3 D1 7F 00 00 00 00 00 00 00 00 00 00  .S.............}
unfreed: <467> db.c(3512), 131072 bytes at 0x7fd1d3512050  	{10 2D 55 D3 D1 7F 00 00 10 2D 55 D3 D1 7F 00 00 .-U......-U.....}
unfreed: <466> db.c(3512), 131072 bytes at 0x7fd1d3533050  	{30 32 57 D3 D1 7F 00 00 00 00 00 00 00 00 00 00 02W.............}
unfreed: <465> db.c(3512), 131072 bytes at 0x7fd1d3554050  	{40 43 59 D3 D1 7F 00 00 00 00 00 00 00 00 00 00 @CY.............}
unfreed: <464> db.c(3512), 131072 bytes at 0x7fd1d3575050  	{D0 52 5B D3 D1 7F 00 00 00 00 00 00 00 00 00 00 .R[.............}
unfreed: <463> db.c(3512), 131072 bytes at 0x7fd1d3596050  	{74 65 6D 70 6C 61 72 20 74 65 6D 70 6C 61 72 73 templar templars}
unfreed: <462> db.c(3512), 131072 bytes at 0x7fd1d35b7050  	{C0 FE F5 D1 D1 7F 00 00 00 00 00 00 00 00 00 00 ................}
unfreed: <461> db.c(3512), 131072 bytes at 0x7fd1d35d8050  	{30 85 61 D3 D1 7F 00 00 00 00 00 00 00 00 00 00 0.a.............}
unfreed: <460> db.c(3512), 131072 bytes at 0x7fd1d35f9050  	{49 74 20 73 65 65 6D 73 20 74 6F 20 62 65 20 66 It seems to be f}
unfreed: <459> db.c(3512), 131072 bytes at 0x7fd1d361a050  	{B0 A2 65 D3 D1 7F 00 00 00 00 00 00 00 00 00 00 ..e.............}
unfreed: <458> db.c(3512), 131072 bytes at 0x7fd1d363b050  	{10 AF 67 D3 D1 7F 00 00 00 00 00 00 00 00 00 00 ..g.............}
unfreed: <457> db.c(3512), 131072 bytes at 0x7fd1d365c050  	{54 68 69 73 20 70 65 72 73 6F 6E 20 6C 6F 6F 6B This person look}
unfreed: <456> db.c(3512), 131072 bytes at 0x7fd1d367d050  	{C0 DC 6B D3 D1 7F 00 00 C0 DC 6B D3 D1 7F 00 00 ..k.......k.....}
unfreed: <455> db.c(3512), 131072 bytes at 0x7fd1d369e050  	{20 EF 7E D3 D1 7F 00 00 00 00 00 00 00 00 00 00  .~.............}
unfreed: <454> db.c(3512), 131072 bytes at 0x7fd1d36bf050  	{98 BE 8B D3 D1 7F 00 00 00 00 00 00 00 00 00 00 ................}
unfreed: <453> db.c(3512), 131072 bytes at 0x7fd1d36e0050  	{68 00 6E D3 D1 7F 00 00 4D 00 00 00 21 C7 00 00 h.n.....M...!...}
unfreed: <452> db.c(3512), 131072 bytes at 0x7fd1d3701050  	{F0 9B 79 D3 D1 7F 00 00 00 00 00 00 00 00 00 00 ..y.............}
unfreed: <451> db.c(3512), 131072 bytes at 0x7fd1d3722050  	{80 4C 74 D3 D1 7F 00 00 00 00 00 00 00 00 00 00 .Lt.............}
unfreed: <450> db.c(3512), 131072 bytes at 0x7fd1d3743050  	{10 BD 8A D3 D1 7F 00 00 00 00 00 00 00 00 00 00 ................}
unfreed: <449> db.c(3512), 131072 bytes at 0x7fd1d3764050  	{90 CD 83 D3 D1 7F 00 00 00 00 00 00 00 00 00 00 ................}
unfreed: <448> db.c(3512), 131072 bytes at 0x7fd1d3785050  	{98 E9 97 D3 D1 7F 00 00 00 00 00 00 00 00 00 00 ................}
unfreed: <447> db.c(3512), 131072 bytes at 0x7fd1d37a6050  	{10 6F 0B D5 D1 7F 00 00 00 00 00 00 00 00 00 00 .o..............}
unfreed: <446> db.c(3512), 131072 bytes at 0x7fd1d37c7050  	{E0 6A 88 D3 D1 7F 00 00 00 00 00 00 00 00 00 00 .j..............}
unfreed: <445> db.c(3512), 131072 bytes at 0x7fd1d37e8050  	{78 C1 99 D3 D1 7F 00 00 00 00 00 00 00 00 00 00 x...............}
unfreed: <444> db.c(3512), 131072 bytes at 0x7fd1d3809050  	{D0 EF 89 D3 D1 7F 00 00 00 00 00 00 00 00 00 00 ................}
unfreed: <443> db.c(3512), 131072 bytes at 0x7fd1d382a050  	{A8 D2 A0 D3 D1 7F 00 00 00 00 00 00 00 00 00 00 ................}
unfreed: <442> db.c(3512), 131072 bytes at 0x7fd1d384b050  	{C0 C6 AB D3 D1 7F 00 00 00 00 00 00 00 00 00 00 ................}
unfreed: <441> db.c(3512), 131072 bytes at 0x7fd1d386c050  	{68 39 9B D3 D1 7F 00 00 00 00 00 00 00 00 00 00 h9..............}
unfreed: <440> db.c(3512), 131072 bytes at 0x7fd1d388d050  	{90 A3 9D D3 D1 7F 00 00 00 00 00 00 00 00 00 00 ................}
unfreed: <439> db.c(3512), 131072 bytes at 0x7fd1d38ae050  	{00 00 00 00 00 00 00 00 45 00 00 00 C9 2C 01 00 ........E....,..}
unfreed: <438> db.c(3512), 131072 bytes at 0x7fd1d38cf050  	{70 8D 8F D3 D1 7F 00 00 00 00 00 00 00 00 00 00 p...............}
unfreed: <437> db.c(3512), 131072 bytes at 0x7fd1d38f0050  	{38 37 B2 D3 D1 7F 00 00 00 00 00 00 00 00 00 00 87..............}
unfreed: <436> db.c(3512), 131072 bytes at 0x7fd1d3911050  	{00 00 00 00 00 00 00 00 4D 00 00 00 4A 6B 01 00 ........M...Jk..}
unfreed: <435> db.c(3512), 131072 bytes at 0x7fd1d3932050  	{00 00 00 00 00 00 00 00 00 00 00 00 00 00 00 00 ................}
unfreed: <434> db.c(3512), 131072 bytes at 0x7fd1d3953050  	{00 FA 08 D5 D1 7F 00 00 00 00 00 00 00 00 00 00 ................}
unfreed: <433> db.c(3512), 131072 bytes at 0x7fd1d3974050  	{00 00 00 00 00 00 00 00 00 00 00 00 00 00 00 00 ................}
unfreed: <432> db.c(3512), 131072 bytes at 0x7fd1d3995050  	{68 50 99 D3 D1 7F 00 00 4D 00 00 00 62 76 00 00 hP......M...bv..}
unfreed: <431> db.c(3512), 131072 bytes at 0x7fd1d39b6050  	{90 18 A3 D3 D1 7F 00 00 00 00 00 00 00 00 00 00 ................}
unfreed: <430> db.c(3512), 131072 bytes at 0x7fd1d39d7050  	{00 00 00 00 00 00 00 00 00 00 00 00 00 00 00 00 ................}
unfreed: <429> db.c(3512), 131072 bytes at 0x7fd1d39f8050  	{68 80 9F D3 D1 7F 00 00 4D 00 00 00 80 79 00 00 h.......M....y..}
unfreed: <428> db.c(3512), 131072 bytes at 0x7fd1d3a19050  	{00 00 00 00 00 00 00 00 00 00 00 00 00 00 00 00 ................}
unfreed: <427> db.c(3512), 131072 bytes at 0x7fd1d3a3a050  	{00 00 00 00 00 00 00 00 00 00 00 00 00 00 00 00 ................}
unfreed: <426> db.c(3512), 131072 bytes at 0x7fd1d3a5b050  	{00 00 00 00 00 00 00 00 00 00 00 00 00 00 00 00 ................}
unfreed: <425> db.c(3512), 131072 bytes at 0x7fd1d3a7c050  	{00 00 00 00 00 00 00 00 00 00 00 00 00 00 00 00 ................}
unfreed: <424> db.c(3512), 131072 bytes at 0x7fd1d3a9d050  	{00 00 00 00 00 00 00 00 00 00 00 00 00 00 00 00 ................}
unfreed: <423> db.c(3512), 131072 bytes at 0x7fd1d3abe050  	{00 00 00 00 00 00 00 00 85 A2 55 00 00 00 00 00 ..........U.....}
unfreed: <422> db.c(3512), 131072 bytes at 0x7fd1d3adf050  	{00 00 00 00 00 00 00 00 00 00 00 00 00 00 00 00 ................}
unfreed: <421> db.c(3512), 131072 bytes at 0x7fd1d3b00050  	{90 B1 09 D5 D1 7F 00 00 00 00 00 00 00 00 00 00 ................}
unfreed: <420> db.c(3512), 131072 bytes at 0x7fd1d3b21050  	{F0 9A B4 D3 D1 7F 00 00 00 00 00 00 00 00 00 00 ................}
unfreed: <419> db.c(3512), 131072 bytes at 0x7fd1d3b42050  	{00 00 00 00 00 00 00 00 00 00 00 00 00 00 00 00 ................}
unfreed: <418> db.c(3512), 131072 bytes at 0x7fd1d5003050  	{00 00 00 00 00 00 00 00 00 00 00 00 00 00 00 00 ................}
unfreed: <417> db.c(3512), 131072 bytes at 0x7fd1d5024050  	{A8 CD 11 D5 D1 7F 00 00 00 00 00 00 00 00 00 00 ................}
unfreed: <416> db.c(3512), 131072 bytes at 0x7fd1d5045050  	{90 7E 19 D5 D1 7F 00 00 98 51 04 D5 D1 7F 00 00 .~.......Q......}
unfreed: <415> db.c(3512), 131072 bytes at 0x7fd1d5066050  	{98 2A 0D D5 D1 7F 00 00 00 00 00 00 00 00 00 00 .*..............}
unfreed: <414> db.c(3512), 131072 bytes at 0x7fd1d5087050  	{00 00 00 00 00 00 00 00 85 A2 55 00 00 00 00 00 ..........U.....}
unfreed: <413> db.c(3512), 131072 bytes at 0x7fd1d50a8050  	{38 45 16 D5 D1 7F 00 00 00 00 00 00 00 00 00 00 8E..............}
unfreed: <412> db.c(3512), 131072 bytes at 0x7fd1d50c9050  	{00 00 00 00 00 00 00 00 00 00 00 00 00 00 00 00 ................}
unfreed: <411> db.c(3512), 131072 bytes at 0x7fd1d50ea050  	{00 00 00 00 00 00 00 00 00 00 00 00 00 00 00 00 ................}
unfreed: <410> db.c(3512), 131072 bytes at 0x7fd1d510b050  	{A8 E2 19 D5 D1 7F 00 00 00 00 00 00 00 00 00 00 ................}
unfreed: <409> db.c(3512), 131072 bytes at 0x7fd1d512c050  	{00 00 00 00 00 00 00 00 00 00 00 00 00 00 00 00 ................}
unfreed: <408> db.c(3512), 131072 bytes at 0x7fd1d514d050  	{D8 7D 1B D5 D1 7F 00 00 00 00 00 00 00 00 00 00 .}..............}
unfreed: <407> db.c(3512), 131072 bytes at 0x7fd1d516e050  	{00 00 00 00 00 00 00 00 A9 98 55 00 00 00 00 00 ..........U.....}
unfreed: <406> db.c(3512), 131072 bytes at 0x7fd1d518f050  	{00 00 00 00 00 00 00 00 00 00 00 00 00 00 00 00 ................}
unfreed: <405> db.c(3512), 131072 bytes at 0x7fd1d51b0050  	{00 AE 1B D5 D1 7F 00 00 00 00 00 00 00 00 00 00 ................}
unfreed: <402> db.c(757), 48 bytes at 0x9eab20  	{20 F8 9D 00 00 00 00 00 A0 F7 9D 00 00 00 00 00  ...............}
unfreed: <401> db.c(757), 48 bytes at 0x9eaaa0  	{20 3E 9E 00 00 00 00 00 A0 3D 9E 00 00 00 00 00  >.......=......}
unfreed: <400> db.c(757), 48 bytes at 0x9eaa20  	{A0 3B 9E 00 00 00 00 00 A0 A0 9E 00 00 00 00 00 .;..............}
unfreed: <399> db.c(757), 48 bytes at 0x9ea9a0  	{20 A0 9E 00 00 00 00 00 20 A2 9E 00 00 00 00 00  ....... .......}
unfreed: <398> db.c(757), 48 bytes at 0x9ea920  	{20 A1 9E 00 00 00 00 00 20 A7 9E 00 00 00 00 00  ....... .......}
unfreed: <397> db.c(757), 48 bytes at 0x9ea8a0  	{20 A7 9E 00 00 00 00 00 20 A8 9E 00 00 00 00 00  ....... .......}
unfreed: <396> db.c(757), 48 bytes at 0x9ea820  	{A0 A8 9E 00 00 00 00 00 A0 A2 9E 00 00 00 00 00 ................}
unfreed: <395> db.c(757), 48 bytes at 0x9ea7a0  	{20 A3 9E 00 00 00 00 00 A0 A6 9E 00 00 00 00 00  ...............}
unfreed: <394> db.c(757), 48 bytes at 0x9ea720  	{20 A9 9E 00 00 00 00 00 A0 A8 9E 00 00 00 00 00  ...............}
unfreed: <393> db.c(757), 48 bytes at 0x9ea6a0  	{A0 A7 9E 00 00 00 00 00 A0 A4 9E 00 00 00 00 00 ................}
unfreed: <392> db.c(757), 48 bytes at 0x9ea620  	{20 A5 9E 00 00 00 00 00 20 A3 9E 00 00 00 00 00  ....... .......}
unfreed: <391> db.c(757), 48 bytes at 0x9ea5a0  	{A0 A2 9E 00 00 00 00 00 20 A5 9E 00 00 00 00 00 ........ .......}
unfreed: <390> db.c(757), 48 bytes at 0x9ea520  	{A0 A5 9E 00 00 00 00 00 20 A6 9E 00 00 00 00 00 ........ .......}
unfreed: <389> db.c(757), 48 bytes at 0x9ea4a0  	{A0 A6 9E 00 00 00 00 00 A0 A3 9E 00 00 00 00 00 ................}
unfreed: <388> db.c(757), 48 bytes at 0x9ea420  	{20 A2 9E 00 00 00 00 00 A0 A1 9E 00 00 00 00 00  ...............}
unfreed: <387> db.c(757), 48 bytes at 0x9ea3a0  	{A0 A4 9E 00 00 00 00 00 A0 9F 9E 00 00 00 00 00 ................}
unfreed: <386> db.c(757), 48 bytes at 0x9ea320  	{20 A6 9E 00 00 00 00 00 A0 A7 9E 00 00 00 00 00  ...............}
unfreed: <385> db.c(757), 48 bytes at 0x9ea2a0  	{20 A8 9E 00 00 00 00 00 A0 A5 9E 00 00 00 00 00  ...............}
unfreed: <384> db.c(757), 48 bytes at 0x9ea220  	{A0 A9 9E 00 00 00 00 00 20 A4 9E 00 00 00 00 00 ........ .......}
unfreed: <383> db.c(757), 48 bytes at 0x9ea1a0  	{20 A4 9E 00 00 00 00 00 20 A1 9E 00 00 00 00 00  ....... .......}
unfreed: <382> db.c(757), 48 bytes at 0x9ea120  	{A0 A1 9E 00 00 00 00 00 20 A9 9E 00 00 00 00 00 ........ .......}
unfreed: <381> db.c(757), 48 bytes at 0x9ea0a0  	{20 AA 9E 00 00 00 00 00 20 A0 9E 00 00 00 00 00  ....... .......}
unfreed: <380> db.c(757), 48 bytes at 0x9ea020  	{A0 A0 9E 00 00 00 00 00 A0 A9 9E 00 00 00 00 00 ................}
unfreed: <379> db.c(757), 48 bytes at 0x9e9fa0  	{A0 A3 9E 00 00 00 00 00 20 3B 9E 00 00 00 00 00 ........ ;......}
unfreed: <378> db.c(757), 48 bytes at 0x9e9f20  	{00 00 00 00 00 00 00 00 A0 9E 9E 00 00 00 00 00 ................}
unfreed: <377> db.c(757), 48 bytes at 0x9e9ea0  	{20 9F 9E 00 00 00 00 00 A0 E4 9D 00 00 00 00 00  ...............}
unfreed: <376> db.c(757), 48 bytes at 0x9e9e20  	{A0 E4 9D 00 00 00 00 00 A0 9D 9E 00 00 00 00 00 ................}
unfreed: <375> db.c(757), 48 bytes at 0x9e9da0  	{20 9E 9E 00 00 00 00 00 A0 FF 9D 00 00 00 00 00  ...............}
unfreed: <374> db.c(757), 48 bytes at 0x9e9d20  	{A0 FF 9D 00 00 00 00 00 A0 9C 9E 00 00 00 00 00 ................}
unfreed: <373> db.c(757), 48 bytes at 0x9e9ca0  	{20 9D 9E 00 00 00 00 00 20 9C 9E 00 00 00 00 00  ....... .......}
unfreed: <372> db.c(757), 48 bytes at 0x9e9c20  	{A0 9C 9E 00 00 00 00 00 A0 9B 9E 00 00 00 00 00 ................}
unfreed: <371> db.c(757), 48 bytes at 0x9e9ba0  	{20 9C 9E 00 00 00 00 00 20 9B 9E 00 00 00 00 00  ....... .......}
unfreed: <370> db.c(757), 48 bytes at 0x9e9b20  	{A0 9B 9E 00 00 00 00 00 A0 9A 9E 00 00 00 00 00 ................}
unfreed: <369> db.c(757), 48 bytes at 0x9e9aa0  	{20 9B 9E 00 00 00 00 00 20 9A 9E 00 00 00 00 00  ....... .......}
unfreed: <368> db.c(757), 48 bytes at 0x9e9a20  	{A0 9A 9E 00 00 00 00 00 A0 99 9E 00 00 00 00 00 ................}
unfreed: <367> db.c(757), 48 bytes at 0x9e99a0  	{20 9A 9E 00 00 00 00 00 20 99 9E 00 00 00 00 00  ....... .......}
unfreed: <366> db.c(757), 48 bytes at 0x9e9920  	{A0 99 9E 00 00 00 00 00 A0 98 9E 00 00 00 00 00 ................}
unfreed: <365> db.c(757), 48 bytes at 0x9e98a0  	{20 99 9E 00 00 00 00 00 20 98 9E 00 00 00 00 00  ....... .......}
unfreed: <364> db.c(757), 48 bytes at 0x9e9820  	{A0 98 9E 00 00 00 00 00 A0 97 9E 00 00 00 00 00 ................}
unfreed: <363> db.c(757), 48 bytes at 0x9e97a0  	{20 98 9E 00 00 00 00 00 20 97 9E 00 00 00 00 00  ....... .......}
unfreed: <362> db.c(757), 48 bytes at 0x9e9720  	{A0 97 9E 00 00 00 00 00 A0 96 9E 00 00 00 00 00 ................}
unfreed: <361> db.c(757), 48 bytes at 0x9e96a0  	{20 97 9E 00 00 00 00 00 20 96 9E 00 00 00 00 00  ....... .......}
unfreed: <360> db.c(757), 48 bytes at 0x9e9620  	{A0 96 9E 00 00 00 00 00 A0 95 9E 00 00 00 00 00 ................}
unfreed: <359> db.c(757), 48 bytes at 0x9e95a0  	{20 96 9E 00 00 00 00 00 20 95 9E 00 00 00 00 00  ....... .......}
unfreed: <358> db.c(757), 48 bytes at 0x9e9520  	{A0 95 9E 00 00 00 00 00 A0 94 9E 00 00 00 00 00 ................}
unfreed: <357> db.c(757), 48 bytes at 0x9e94a0  	{20 95 9E 00 00 00 00 00 20 94 9E 00 00 00 00 00  ....... .......}
unfreed: <356> db.c(757), 48 bytes at 0x9e9420  	{A0 94 9E 00 00 00 00 00 A0 93 9E 00 00 00 00 00 ................}
unfreed: <355> db.c(757), 48 bytes at 0x9e93a0  	{20 94 9E 00 00 00 00 00 20 93 9E 00 00 00 00 00  ....... .......}
unfreed: <354> db.c(757), 48 bytes at 0x9e9320  	{A0 93 9E 00 00 00 00 00 A0 92 9E 00 00 00 00 00 ................}
unfreed: <353> db.c(757), 48 bytes at 0x9e92a0  	{20 93 9E 00 00 00 00 00 20 92 9E 00 00 00 00 00  ....... .......}
unfreed: <352> db.c(757), 48 bytes at 0x9e9220  	{A0 92 9E 00 00 00 00 00 A0 91 9E 00 00 00 00 00 ................}
unfreed: <351> db.c(757), 48 bytes at 0x9e91a0  	{20 92 9E 00 00 00 00 00 20 91 9E 00 00 00 00 00  ....... .......}
unfreed: <350> db.c(757), 48 bytes at 0x9e9120  	{A0 91 9E 00 00 00 00 00 30 D1 9D 00 00 00 00 00 ........0.......}
unfreed: <349> db.c(757), 48 bytes at 0x9e90a0  	{30 D1 9D 00 00 00 00 00 20 90 9E 00 00 00 00 00 0....... .......}
unfreed: <348> db.c(757), 48 bytes at 0x9e9020  	{A0 90 9E 00 00 00 00 00 A0 8F 9E 00 00 00 00 00 ................}
unfreed: <347> db.c(757), 48 bytes at 0x9e8fa0  	{20 90 9E 00 00 00 00 00 20 8F 9E 00 00 00 00 00  ....... .......}
unfreed: <346> db.c(757), 48 bytes at 0x9e8f20  	{A0 8F 9E 00 00 00 00 00 A0 8E 9E 00 00 00 00 00 ................}
unfreed: <345> db.c(757), 48 bytes at 0x9e8ea0  	{20 8F 9E 00 00 00 00 00 20 8E 9E 00 00 00 00 00  ....... .......}
unfreed: <344> db.c(757), 48 bytes at 0x9e8e20  	{A0 8E 9E 00 00 00 00 00 A0 8D 9E 00 00 00 00 00 ................}
unfreed: <343> db.c(757), 48 bytes at 0x9e8da0  	{20 8E 9E 00 00 00 00 00 20 8D 9E 00 00 00 00 00  ....... .......}
unfreed: <342> db.c(757), 48 bytes at 0x9e8d20  	{A0 8D 9E 00 00 00 00 00 A0 8C 9E 00 00 00 00 00 ................}
unfreed: <341> db.c(757), 48 bytes at 0x9e8ca0  	{20 8D 9E 00 00 00 00 00 20 8C 9E 00 00 00 00 00  ....... .......}
unfreed: <340> db.c(757), 48 bytes at 0x9e8c20  	{A0 8C 9E 00 00 00 00 00 A0 8B 9E 00 00 00 00 00 ................}
unfreed: <339> db.c(757), 48 bytes at 0x9e8ba0  	{20 8C 9E 00 00 00 00 00 A0 FA 9D 00 00 00 00 00  ...............}
unfreed: <338> db.c(757), 48 bytes at 0x9e8b20  	{A0 FA 9D 00 00 00 00 00 A0 8A 9E 00 00 00 00 00 ................}
unfreed: <337> db.c(757), 48 bytes at 0x9e8aa0  	{20 8B 9E 00 00 00 00 00 20 8A 9E 00 00 00 00 00  ....... .......}
unfreed: <336> db.c(757), 48 bytes at 0x9e8a20  	{A0 8A 9E 00 00 00 00 00 A0 89 9E 00 00 00 00 00 ................}
unfreed: <335> db.c(757), 48 bytes at 0x9e89a0  	{20 8A 9E 00 00 00 00 00 20 89 9E 00 00 00 00 00  ....... .......}
unfreed: <334> db.c(757), 48 bytes at 0x9e8920  	{A0 89 9E 00 00 00 00 00 A0 88 9E 00 00 00 00 00 ................}
unfreed: <333> db.c(757), 48 bytes at 0x9e88a0  	{20 89 9E 00 00 00 00 00 20 88 9E 00 00 00 00 00  ....... .......}
unfreed: <332> db.c(757), 48 bytes at 0x9e8820  	{A0 88 9E 00 00 00 00 00 A0 87 9E 00 00 00 00 00 ................}
unfreed: <331> db.c(757), 48 bytes at 0x9e87a0  	{20 88 9E 00 00 00 00 00 20 87 9E 00 00 00 00 00  ....... .......}
unfreed: <330> db.c(757), 48 bytes at 0x9e8720  	{A0 87 9E 00 00 00 00 00 A0 86 9E 00 00 00 00 00 ................}
unfreed: <329> db.c(757), 48 bytes at 0x9e86a0  	{20 87 9E 00 00 00 00 00 20 86 9E 00 00 00 00 00  ....... .......}
unfreed: <328> db.c(757), 48 bytes at 0x9e8620  	{A0 86 9E 00 00 00 00 00 A0 85 9E 00 00 00 00 00 ................}
unfreed: <327> db.c(757), 48 bytes at 0x9e85a0  	{20 86 9E 00 00 00 00 00 20 85 9E 00 00 00 00 00  ....... .......}
unfreed: <326> db.c(757), 48 bytes at 0x9e8520  	{A0 85 9E 00 00 00 00 00 A0 84 9E 00 00 00 00 00 ................}
unfreed: <325> db.c(757), 48 bytes at 0x9e84a0  	{20 85 9E 00 00 00 00 00 20 84 9E 00 00 00 00 00  ....... .......}
unfreed: <324> db.c(757), 48 bytes at 0x9e8420  	{A0 84 9E 00 00 00 00 00 A0 83 9E 00 00 00 00 00 ................}
unfreed: <323> db.c(757), 48 bytes at 0x9e83a0  	{20 84 9E 00 00 00 00 00 20 83 9E 00 00 00 00 00  ....... .......}
unfreed: <322> db.c(757), 48 bytes at 0x9e8320  	{A0 83 9E 00 00 00 00 00 A0 82 9E 00 00 00 00 00 ................}
unfreed: <321> db.c(757), 48 bytes at 0x9e82a0  	{20 83 9E 00 00 00 00 00 20 82 9E 00 00 00 00 00  ....... .......}
unfreed: <320> db.c(757), 48 bytes at 0x9e8220  	{A0 82 9E 00 00 00 00 00 A0 81 9E 00 00 00 00 00 ................}
unfreed: <319> db.c(757), 48 bytes at 0x9e81a0  	{20 82 9E 00 00 00 00 00 20 81 9E 00 00 00 00 00  ....... .......}
unfreed: <318> db.c(757), 48 bytes at 0x9e8120  	{A0 81 9E 00 00 00 00 00 A0 80 9E 00 00 00 00 00 ................}
unfreed: <317> db.c(757), 48 bytes at 0x9e80a0  	{20 81 9E 00 00 00 00 00 20 80 9E 00 00 00 00 00  ....... .......}
unfreed: <316> db.c(757), 48 bytes at 0x9e8020  	{A0 80 9E 00 00 00 00 00 A0 7F 9E 00 00 00 00 00 ................}
unfreed: <315> db.c(757), 48 bytes at 0x9e7fa0  	{20 80 9E 00 00 00 00 00 20 7F 9E 00 00 00 00 00  ....... .......}
unfreed: <314> db.c(757), 48 bytes at 0x9e7f20  	{A0 7F 9E 00 00 00 00 00 A0 7E 9E 00 00 00 00 00 .........~......}
unfreed: <313> db.c(757), 48 bytes at 0x9e7ea0  	{20 7F 9E 00 00 00 00 00 20 7E 9E 00 00 00 00 00  ....... ~......}
unfreed: <312> db.c(757), 48 bytes at 0x9e7e20  	{A0 7E 9E 00 00 00 00 00 A0 7D 9E 00 00 00 00 00 .~.......}......}
unfreed: <311> db.c(757), 48 bytes at 0x9e7da0  	{20 7E 9E 00 00 00 00 00 20 7D 9E 00 00 00 00 00  ~...... }......}
unfreed: <310> db.c(757), 48 bytes at 0x9e7d20  	{A0 7D 9E 00 00 00 00 00 A0 7C 9E 00 00 00 00 00 .}.......|......}
unfreed: <309> db.c(757), 48 bytes at 0x9e7ca0  	{20 7D 9E 00 00 00 00 00 20 7C 9E 00 00 00 00 00  }...... |......}
unfreed: <308> db.c(757), 48 bytes at 0x9e7c20  	{A0 7C 9E 00 00 00 00 00 A0 7B 9E 00 00 00 00 00 .|.......{......}
unfreed: <307> db.c(757), 48 bytes at 0x9e7ba0  	{20 7C 9E 00 00 00 00 00 B0 D1 9D 00 00 00 00 00  |..............}
unfreed: <306> db.c(757), 48 bytes at 0x9e7b20  	{A0 02 9E 00 00 00 00 00 A0 7A 9E 00 00 00 00 00 .........z......}
unfreed: <305> db.c(757), 48 bytes at 0x9e7aa0  	{20 7B 9E 00 00 00 00 00 20 7A 9E 00 00 00 00 00  {...... z......}
unfreed: <304> db.c(757), 48 bytes at 0x9e7a20  	{A0 7A 9E 00 00 00 00 00 A0 79 9E 00 00 00 00 00 .z.......y......}
unfreed: <303> db.c(757), 48 bytes at 0x9e79a0  	{20 7A 9E 00 00 00 00 00 20 79 9E 00 00 00 00 00  z...... y......}
unfreed: <302> db.c(757), 48 bytes at 0x9e7920  	{A0 79 9E 00 00 00 00 00 A0 78 9E 00 00 00 00 00 .y.......x......}
unfreed: <301> db.c(757), 48 bytes at 0x9e78a0  	{20 79 9E 00 00 00 00 00 20 78 9E 00 00 00 00 00  y...... x......}
unfreed: <300> db.c(757), 48 bytes at 0x9e7820  	{A0 78 9E 00 00 00 00 00 A0 77 9E 00 00 00 00 00 .x.......w......}
unfreed: <299> db.c(757), 48 bytes at 0x9e77a0  	{20 78 9E 00 00 00 00 00 20 77 9E 00 00 00 00 00  x...... w......}
unfreed: <298> db.c(757), 48 bytes at 0x9e7720  	{A0 77 9E 00 00 00 00 00 A0 76 9E 00 00 00 00 00 .w.......v......}
unfreed: <297> db.c(757), 48 bytes at 0x9e76a0  	{20 77 9E 00 00 00 00 00 20 76 9E 00 00 00 00 00  w...... v......}
unfreed: <296> db.c(757), 48 bytes at 0x9e7620  	{A0 76 9E 00 00 00 00 00 A0 75 9E 00 00 00 00 00 .v.......u......}
unfreed: <295> db.c(757), 48 bytes at 0x9e75a0  	{20 76 9E 00 00 00 00 00 20 75 9E 00 00 00 00 00  v...... u......}
unfreed: <294> db.c(757), 48 bytes at 0x9e7520  	{A0 75 9E 00 00 00 00 00 A0 74 9E 00 00 00 00 00 .u.......t......}
unfreed: <293> db.c(757), 48 bytes at 0x9e74a0  	{20 75 9E 00 00 00 00 00 20 74 9E 00 00 00 00 00  u...... t......}
unfreed: <292> db.c(757), 48 bytes at 0x9e7420  	{A0 74 9E 00 00 00 00 00 A0 73 9E 00 00 00 00 00 .t.......s......}
unfreed: <291> db.c(757), 48 bytes at 0x9e73a0  	{20 74 9E 00 00 00 00 00 20 73 9E 00 00 00 00 00  t...... s......}
unfreed: <290> db.c(757), 48 bytes at 0x9e7320  	{A0 73 9E 00 00 00 00 00 A0 72 9E 00 00 00 00 00 .s.......r......}
unfreed: <289> db.c(757), 48 bytes at 0x9e72a0  	{20 73 9E 00 00 00 00 00 20 72 9E 00 00 00 00 00  s...... r......}
unfreed: <288> db.c(757), 48 bytes at 0x9e7220  	{A0 72 9E 00 00 00 00 00 A0 71 9E 00 00 00 00 00 .r.......q......}
unfreed: <287> db.c(757), 48 bytes at 0x9e71a0  	{20 72 9E 00 00 00 00 00 20 71 9E 00 00 00 00 00  r...... q......}
unfreed: <286> db.c(757), 48 bytes at 0x9e7120  	{A0 71 9E 00 00 00 00 00 A0 70 9E 00 00 00 00 00 .q.......p......}
unfreed: <285> db.c(757), 48 bytes at 0x9e70a0  	{20 71 9E 00 00 00 00 00 20 70 9E 00 00 00 00 00  q...... p......}
unfreed: <284> db.c(757), 48 bytes at 0x9e7020  	{A0 70 9E 00 00 00 00 00 A0 6F 9E 00 00 00 00 00 .p.......o......}
unfreed: <283> db.c(757), 48 bytes at 0x9e6fa0  	{20 70 9E 00 00 00 00 00 20 6F 9E 00 00 00 00 00  p...... o......}
unfreed: <282> db.c(757), 48 bytes at 0x9e6f20  	{A0 6F 9E 00 00 00 00 00 A0 6E 9E 00 00 00 00 00 .o.......n......}
unfreed: <281> db.c(757), 48 bytes at 0x9e6ea0  	{20 6F 9E 00 00 00 00 00 20 6E 9E 00 00 00 00 00  o...... n......}
unfreed: <280> db.c(757), 48 bytes at 0x9e6e20  	{A0 6E 9E 00 00 00 00 00 A0 6D 9E 00 00 00 00 00 .n.......m......}
unfreed: <279> db.c(757), 48 bytes at 0x9e6da0  	{20 6E 9E 00 00 00 00 00 20 6D 9E 00 00 00 00 00  n...... m......}
unfreed: <278> db.c(757), 48 bytes at 0x9e6d20  	{A0 6D 9E 00 00 00 00 00 A0 6C 9E 00 00 00 00 00 .m.......l......}
unfreed: <277> db.c(757), 48 bytes at 0x9e6ca0  	{20 6D 9E 00 00 00 00 00 20 6C 9E 00 00 00 00 00  m...... l......}
unfreed: <276> db.c(757), 48 bytes at 0x9e6c20  	{A0 6C 9E 00 00 00 00 00 A0 6B 9E 00 00 00 00 00 .l.......k......}
unfreed: <275> db.c(757), 48 bytes at 0x9e6ba0  	{20 6C 9E 00 00 00 00 00 20 6B 9E 00 00 00 00 00  l...... k......}
unfreed: <274> db.c(757), 48 bytes at 0x9e6b20  	{A0 6B 9E 00 00 00 00 00 A0 6A 9E 00 00 00 00 00 .k.......j......}
unfreed: <273> db.c(757), 48 bytes at 0x9e6aa0  	{20 6B 9E 00 00 00 00 00 A0 FD 9D 00 00 00 00 00  k..............}
unfreed: <272> db.c(757), 48 bytes at 0x9e6a20  	{A0 FE 9D 00 00 00 00 00 A0 01 9E 00 00 00 00 00 ................}
unfreed: <271> db.c(757), 48 bytes at 0x9e69a0  	{20 FE 9D 00 00 00 00 00 20 69 9E 00 00 00 00 00  ....... i......}
unfreed: <270> db.c(757), 48 bytes at 0x9e6920  	{A0 69 9E 00 00 00 00 00 A0 68 9E 00 00 00 00 00 .i.......h......}
unfreed: <269> db.c(757), 48 bytes at 0x9e68a0  	{20 69 9E 00 00 00 00 00 20 68 9E 00 00 00 00 00  i...... h......}
unfreed: <268> db.c(757), 48 bytes at 0x9e6820  	{A0 68 9E 00 00 00 00 00 A0 67 9E 00 00 00 00 00 .h.......g......}
unfreed: <267> db.c(757), 48 bytes at 0x9e67a0  	{20 68 9E 00 00 00 00 00 20 67 9E 00 00 00 00 00  h...... g......}
unfreed: <266> db.c(757), 48 bytes at 0x9e6720  	{A0 67 9E 00 00 00 00 00 A0 66 9E 00 00 00 00 00 .g.......f......}
unfreed: <265> db.c(757), 48 bytes at 0x9e66a0  	{20 67 9E 00 00 00 00 00 A0 5B 9E 00 00 00 00 00  g.......[......}
unfreed: <264> db.c(757), 48 bytes at 0x9e6620  	{A0 5B 9E 00 00 00 00 00 A0 65 9E 00 00 00 00 00 .[.......e......}
unfreed: <263> db.c(757), 48 bytes at 0x9e65a0  	{20 66 9E 00 00 00 00 00 20 65 9E 00 00 00 00 00  f...... e......}
unfreed: <262> db.c(757), 48 bytes at 0x9e6520  	{A0 65 9E 00 00 00 00 00 A0 64 9E 00 00 00 00 00 .e.......d......}
unfreed: <261> db.c(757), 48 bytes at 0x9e64a0  	{20 65 9E 00 00 00 00 00 20 64 9E 00 00 00 00 00  e...... d......}
unfreed: <260> db.c(757), 48 bytes at 0x9e6420  	{A0 64 9E 00 00 00 00 00 A0 63 9E 00 00 00 00 00 .d.......c......}
unfreed: <259> db.c(757), 48 bytes at 0x9e63a0  	{20 64 9E 00 00 00 00 00 A0 F9 9D 00 00 00 00 00  d..............}
unfreed: <258> db.c(757), 48 bytes at 0x9e6320  	{A0 F9 9D 00 00 00 00 00 A0 62 9E 00 00 00 00 00 .........b......}
unfreed: <257> db.c(757), 48 bytes at 0x9e62a0  	{20 63 9E 00 00 00 00 00 20 62 9E 00 00 00 00 00  c...... b......}
unfreed: <256> db.c(757), 48 bytes at 0x9e6220  	{A0 62 9E 00 00 00 00 00 A0 61 9E 00 00 00 00 00 .b.......a......}
unfreed: <255> db.c(757), 48 bytes at 0x9e61a0  	{20 62 9E 00 00 00 00 00 20 61 9E 00 00 00 00 00  b...... a......}
unfreed: <254> db.c(757), 48 bytes at 0x9e6120  	{A0 61 9E 00 00 00 00 00 A0 60 9E 00 00 00 00 00 .a.......`......}
unfreed: <253> db.c(757), 48 bytes at 0x9e60a0  	{20 61 9E 00 00 00 00 00 20 60 9E 00 00 00 00 00  a...... `......}
unfreed: <252> db.c(757), 48 bytes at 0x9e6020  	{A0 60 9E 00 00 00 00 00 A0 5F 9E 00 00 00 00 00 .`......._......}
unfreed: <251> db.c(757), 48 bytes at 0x9e5fa0  	{20 60 9E 00 00 00 00 00 20 5F 9E 00 00 00 00 00  `...... _......}
unfreed: <250> db.c(757), 48 bytes at 0x9e5f20  	{A0 5F 9E 00 00 00 00 00 A0 5E 9E 00 00 00 00 00 ._.......^......}
unfreed: <249> db.c(757), 48 bytes at 0x9e5ea0  	{20 5F 9E 00 00 00 00 00 20 5E 9E 00 00 00 00 00  _...... ^......}
unfreed: <248> db.c(757), 48 bytes at 0x9e5e20  	{A0 5E 9E 00 00 00 00 00 A0 5D 9E 00 00 00 00 00 .^.......]......}
unfreed: <247> db.c(757), 48 bytes at 0x9e5da0  	{20 5E 9E 00 00 00 00 00 20 5D 9E 00 00 00 00 00  ^...... ]......}
unfreed: <246> db.c(757), 48 bytes at 0x9e5d20  	{A0 5D 9E 00 00 00 00 00 A0 5C 9E 00 00 00 00 00 .].......\......}
unfreed: <245> db.c(757), 48 bytes at 0x9e5ca0  	{20 5D 9E 00 00 00 00 00 20 5C 9E 00 00 00 00 00  ]...... \......}
unfreed: <244> db.c(757), 48 bytes at 0x9e5c20  	{A0 5C 9E 00 00 00 00 00 A0 00 9E 00 00 00 00 00 .\..............}
unfreed: <243> db.c(757), 48 bytes at 0x9e5ba0  	{A0 66 9E 00 00 00 00 00 20 66 9E 00 00 00 00 00 .f...... f......}
unfreed: <242> db.c(757), 48 bytes at 0x9e5b20  	{A0 00 9E 00 00 00 00 00 A0 5A 9E 00 00 00 00 00 .........Z......}
unfreed: <241> db.c(757), 48 bytes at 0x9e5aa0  	{20 5B 9E 00 00 00 00 00 20 5A 9E 00 00 00 00 00  [...... Z......}
unfreed: <240> db.c(757), 48 bytes at 0x9e5a20  	{A0 5A 9E 00 00 00 00 00 A0 59 9E 00 00 00 00 00 .Z.......Y......}
unfreed: <239> db.c(757), 48 bytes at 0x9e59a0  	{20 5A 9E 00 00 00 00 00 20 59 9E 00 00 00 00 00  Z...... Y......}
unfreed: <238> db.c(757), 48 bytes at 0x9e5920  	{A0 59 9E 00 00 00 00 00 A0 58 9E 00 00 00 00 00 .Y.......X......}
unfreed: <237> db.c(757), 48 bytes at 0x9e58a0  	{20 59 9E 00 00 00 00 00 20 58 9E 00 00 00 00 00  Y...... X......}
unfreed: <236> db.c(757), 48 bytes at 0x9e5820  	{A0 58 9E 00 00 00 00 00 A0 57 9E 00 00 00 00 00 .X.......W......}
unfreed: <235> db.c(757), 48 bytes at 0x9e57a0  	{20 58 9E 00 00 00 00 00 20 57 9E 00 00 00 00 00  X...... W......}
unfreed: <234> db.c(757), 48 bytes at 0x9e5720  	{A0 57 9E 00 00 00 00 00 A0 56 9E 00 00 00 00 00 .W.......V......}
unfreed: <233> db.c(757), 48 bytes at 0x9e56a0  	{20 57 9E 00 00 00 00 00 20 56 9E 00 00 00 00 00  W...... V......}
unfreed: <232> db.c(757), 48 bytes at 0x9e5620  	{A0 56 9E 00 00 00 00 00 A0 55 9E 00 00 00 00 00 .V.......U......}
unfreed: <231> db.c(757), 48 bytes at 0x9e55a0  	{20 56 9E 00 00 00 00 00 20 55 9E 00 00 00 00 00  V...... U......}
unfreed: <230> db.c(757), 48 bytes at 0x9e5520  	{A0 55 9E 00 00 00 00 00 A0 54 9E 00 00 00 00 00 .U.......T......}
unfreed: <229> db.c(757), 48 bytes at 0x9e54a0  	{20 55 9E 00 00 00 00 00 20 54 9E 00 00 00 00 00  U...... T......}
unfreed: <228> db.c(757), 48 bytes at 0x9e5420  	{A0 54 9E 00 00 00 00 00 A0 53 9E 00 00 00 00 00 .T.......S......}
unfreed: <227> db.c(757), 48 bytes at 0x9e53a0  	{20 54 9E 00 00 00 00 00 20 53 9E 00 00 00 00 00  T...... S......}
unfreed: <226> db.c(757), 48 bytes at 0x9e5320  	{A0 53 9E 00 00 00 00 00 A0 52 9E 00 00 00 00 00 .S.......R......}
unfreed: <225> db.c(757), 48 bytes at 0x9e52a0  	{20 53 9E 00 00 00 00 00 20 52 9E 00 00 00 00 00  S...... R......}
unfreed: <224> db.c(757), 48 bytes at 0x9e5220  	{A0 52 9E 00 00 00 00 00 A0 51 9E 00 00 00 00 00 .R.......Q......}
unfreed: <223> db.c(757), 48 bytes at 0x9e51a0  	{20 52 9E 00 00 00 00 00 20 51 9E 00 00 00 00 00  R...... Q......}
unfreed: <222> db.c(757), 48 bytes at 0x9e5120  	{A0 51 9E 00 00 00 00 00 A0 50 9E 00 00 00 00 00 .Q.......P......}
unfreed: <221> db.c(757), 48 bytes at 0x9e50a0  	{20 51 9E 00 00 00 00 00 20 50 9E 00 00 00 00 00  Q...... P......}
unfreed: <220> db.c(757), 48 bytes at 0x9e5020  	{A0 50 9E 00 00 00 00 00 A0 4F 9E 00 00 00 00 00 .P.......O......}
unfreed: <219> db.c(757), 48 bytes at 0x9e4fa0  	{20 50 9E 00 00 00 00 00 20 4F 9E 00 00 00 00 00  P...... O......}
unfreed: <218> db.c(757), 48 bytes at 0x9e4f20  	{A0 4F 9E 00 00 00 00 00 A0 4E 9E 00 00 00 00 00 .O.......N......}
unfreed: <217> db.c(757), 48 bytes at 0x9e4ea0  	{20 4F 9E 00 00 00 00 00 20 4E 9E 00 00 00 00 00  O...... N......}
unfreed: <216> db.c(757), 48 bytes at 0x9e4e20  	{A0 4E 9E 00 00 00 00 00 A0 4D 9E 00 00 00 00 00 .N.......M......}
unfreed: <215> db.c(757), 48 bytes at 0x9e4da0  	{20 4E 9E 00 00 00 00 00 20 4D 9E 00 00 00 00 00  N...... M......}
unfreed: <214> db.c(757), 48 bytes at 0x9e4d20  	{A0 4D 9E 00 00 00 00 00 A0 4C 9E 00 00 00 00 00 .M.......L......}
unfreed: <213> db.c(757), 48 bytes at 0x9e4ca0  	{20 4D 9E 00 00 00 00 00 20 4C 9E 00 00 00 00 00  M...... L......}
unfreed: <212> db.c(757), 48 bytes at 0x9e4c20  	{A0 4C 9E 00 00 00 00 00 A0 4B 9E 00 00 00 00 00 .L.......K......}
unfreed: <211> db.c(757), 48 bytes at 0x9e4ba0  	{20 4C 9E 00 00 00 00 00 20 4B 9E 00 00 00 00 00  L...... K......}
unfreed: <210> db.c(757), 48 bytes at 0x9e4b20  	{A0 4B 9E 00 00 00 00 00 A0 4A 9E 00 00 00 00 00 .K.......J......}
unfreed: <209> db.c(757), 48 bytes at 0x9e4aa0  	{20 4B 9E 00 00 00 00 00 20 4A 9E 00 00 00 00 00  K...... J......}
unfreed: <208> db.c(757), 48 bytes at 0x9e4a20  	{A0 4A 9E 00 00 00 00 00 A0 49 9E 00 00 00 00 00 .J.......I......}
unfreed: <207> db.c(757), 48 bytes at 0x9e49a0  	{20 4A 9E 00 00 00 00 00 A0 FB 9D 00 00 00 00 00  J..............}
unfreed: <206> db.c(757), 48 bytes at 0x9e4920  	{A0 FB 9D 00 00 00 00 00 A0 48 9E 00 00 00 00 00 .........H......}
unfreed: <205> db.c(757), 48 bytes at 0x9e48a0  	{20 49 9E 00 00 00 00 00 20 48 9E 00 00 00 00 00  I...... H......}
unfreed: <204> db.c(757), 48 bytes at 0x9e4820  	{A0 48 9E 00 00 00 00 00 A0 47 9E 00 00 00 00 00 .H.......G......}
unfreed: <203> db.c(757), 48 bytes at 0x9e47a0  	{20 48 9E 00 00 00 00 00 20 47 9E 00 00 00 00 00  H...... G......}
unfreed: <202> db.c(757), 48 bytes at 0x9e4720  	{A0 47 9E 00 00 00 00 00 A0 46 9E 00 00 00 00 00 .G.......F......}
unfreed: <201> db.c(757), 48 bytes at 0x9e46a0  	{20 47 9E 00 00 00 00 00 20 46 9E 00 00 00 00 00  G...... F......}
unfreed: <200> db.c(757), 48 bytes at 0x9e4620  	{A0 46 9E 00 00 00 00 00 A0 45 9E 00 00 00 00 00 .F.......E......}
unfreed: <199> db.c(757), 48 bytes at 0x9e45a0  	{20 46 9E 00 00 00 00 00 20 45 9E 00 00 00 00 00  F...... E......}
unfreed: <198> db.c(757), 48 bytes at 0x9e4520  	{A0 45 9E 00 00 00 00 00 A0 44 9E 00 00 00 00 00 .E.......D......}
unfreed: <197> db.c(757), 48 bytes at 0x9e44a0  	{20 45 9E 00 00 00 00 00 20 44 9E 00 00 00 00 00  E...... D......}
unfreed: <196> db.c(757), 48 bytes at 0x9e4420  	{A0 44 9E 00 00 00 00 00 A0 43 9E 00 00 00 00 00 .D.......C......}
unfreed: <195> db.c(757), 48 bytes at 0x9e43a0  	{20 44 9E 00 00 00 00 00 20 43 9E 00 00 00 00 00  D...... C......}
unfreed: <194> db.c(757), 48 bytes at 0x9e4320  	{A0 43 9E 00 00 00 00 00 A0 42 9E 00 00 00 00 00 .C.......B......}
unfreed: <193> db.c(757), 48 bytes at 0x9e42a0  	{20 43 9E 00 00 00 00 00 20 42 9E 00 00 00 00 00  C...... B......}
unfreed: <192> db.c(757), 48 bytes at 0x9e4220  	{A0 42 9E 00 00 00 00 00 A0 41 9E 00 00 00 00 00 .B.......A......}
unfreed: <191> db.c(757), 48 bytes at 0x9e41a0  	{20 42 9E 00 00 00 00 00 20 41 9E 00 00 00 00 00  B...... A......}
unfreed: <190> db.c(757), 48 bytes at 0x9e4120  	{A0 41 9E 00 00 00 00 00 A0 40 9E 00 00 00 00 00 .A.......@......}
unfreed: <189> db.c(757), 48 bytes at 0x9e40a0  	{20 41 9E 00 00 00 00 00 20 40 9E 00 00 00 00 00  A...... @......}
unfreed: <188> db.c(757), 48 bytes at 0x9e4020  	{A0 40 9E 00 00 00 00 00 20 FA 9D 00 00 00 00 00 .@...... .......}
unfreed: <187> db.c(757), 48 bytes at 0x9e3fa0  	{20 FA 9D 00 00 00 00 00 20 3F 9E 00 00 00 00 00  ....... ?......}
unfreed: <186> db.c(757), 48 bytes at 0x9e3f20  	{A0 3F 9E 00 00 00 00 00 A0 3E 9E 00 00 00 00 00 .?.......>......}
unfreed: <185> db.c(757), 48 bytes at 0x9e3ea0  	{20 3F 9E 00 00 00 00 00 20 3E 9E 00 00 00 00 00  ?...... >......}
unfreed: <184> db.c(757), 48 bytes at 0x9e3e20  	{A0 3E 9E 00 00 00 00 00 A0 AA 9E 00 00 00 00 00 .>..............}
unfreed: <183> db.c(757), 48 bytes at 0x9e3da0  	{A0 AA 9E 00 00 00 00 00 20 3D 9E 00 00 00 00 00 ........ =......}
unfreed: <182> db.c(757), 48 bytes at 0x9e3d20  	{A0 3D 9E 00 00 00 00 00 A0 3C 9E 00 00 00 00 00 .=.......<......}
unfreed: <181> db.c(757), 48 bytes at 0x9e3ca0  	{20 3D 9E 00 00 00 00 00 20 3C 9E 00 00 00 00 00  =...... <......}
unfreed: <180> db.c(757), 48 bytes at 0x9e3c20  	{A0 3C 9E 00 00 00 00 00 20 34 9E 00 00 00 00 00 .<...... 4......}
unfreed: <179> db.c(757), 48 bytes at 0x9e3ba0  	{20 2B 9E 00 00 00 00 00 20 AA 9E 00 00 00 00 00  +...... .......}
unfreed: <178> db.c(757), 48 bytes at 0x9e3b20  	{A0 9F 9E 00 00 00 00 00 A0 3A 9E 00 00 00 00 00 .........:......}
unfreed: <177> db.c(757), 48 bytes at 0x9e3aa0  	{20 3B 9E 00 00 00 00 00 20 3A 9E 00 00 00 00 00  ;...... :......}
unfreed: <176> db.c(757), 48 bytes at 0x9e3a20  	{A0 3A 9E 00 00 00 00 00 A0 39 9E 00 00 00 00 00 .:.......9......}
unfreed: <175> db.c(757), 48 bytes at 0x9e39a0  	{20 3A 9E 00 00 00 00 00 20 39 9E 00 00 00 00 00  :...... 9......}
unfreed: <174> db.c(757), 48 bytes at 0x9e3920  	{A0 39 9E 00 00 00 00 00 A0 38 9E 00 00 00 00 00 .9.......8......}
unfreed: <173> db.c(757), 48 bytes at 0x9e38a0  	{20 39 9E 00 00 00 00 00 20 38 9E 00 00 00 00 00  9...... 8......}
unfreed: <172> db.c(757), 48 bytes at 0x9e3820  	{A0 38 9E 00 00 00 00 00 A0 37 9E 00 00 00 00 00 .8.......7......}
unfreed: <171> db.c(757), 48 bytes at 0x9e37a0  	{20 38 9E 00 00 00 00 00 20 37 9E 00 00 00 00 00  8...... 7......}
unfreed: <170> db.c(757), 48 bytes at 0x9e3720  	{A0 37 9E 00 00 00 00 00 A0 36 9E 00 00 00 00 00 .7.......6......}
unfreed: <169> db.c(757), 48 bytes at 0x9e36a0  	{20 37 9E 00 00 00 00 00 20 36 9E 00 00 00 00 00  7...... 6......}
unfreed: <168> db.c(757), 48 bytes at 0x9e3620  	{A0 36 9E 00 00 00 00 00 A0 35 9E 00 00 00 00 00 .6.......5......}
unfreed: <167> db.c(757), 48 bytes at 0x9e35a0  	{20 36 9E 00 00 00 00 00 20 35 9E 00 00 00 00 00  6...... 5......}
unfreed: <166> db.c(757), 48 bytes at 0x9e3520  	{A0 35 9E 00 00 00 00 00 A0 34 9E 00 00 00 00 00 .5.......4......}
unfreed: <165> db.c(757), 48 bytes at 0x9e34a0  	{20 35 9E 00 00 00 00 00 A0 2A 9E 00 00 00 00 00  5.......*......}
unfreed: <164> db.c(757), 48 bytes at 0x9e3420  	{20 3C 9E 00 00 00 00 00 A0 33 9E 00 00 00 00 00  <.......3......}
unfreed: <163> db.c(757), 48 bytes at 0x9e33a0  	{20 34 9E 00 00 00 00 00 20 33 9E 00 00 00 00 00  4...... 3......}
unfreed: <162> db.c(757), 48 bytes at 0x9e3320  	{A0 33 9E 00 00 00 00 00 A0 32 9E 00 00 00 00 00 .3.......2......}
unfreed: <161> db.c(757), 48 bytes at 0x9e32a0  	{20 33 9E 00 00 00 00 00 20 32 9E 00 00 00 00 00  3...... 2......}
unfreed: <160> db.c(757), 48 bytes at 0x9e3220  	{A0 32 9E 00 00 00 00 00 A0 31 9E 00 00 00 00 00 .2.......1......}
unfreed: <159> db.c(757), 48 bytes at 0x9e31a0  	{20 32 9E 00 00 00 00 00 20 31 9E 00 00 00 00 00  2...... 1......}
unfreed: <158> db.c(757), 48 bytes at 0x9e3120  	{A0 31 9E 00 00 00 00 00 A0 30 9E 00 00 00 00 00 .1.......0......}
unfreed: <157> db.c(757), 48 bytes at 0x9e30a0  	{20 31 9E 00 00 00 00 00 20 30 9E 00 00 00 00 00  1...... 0......}
unfreed: <156> db.c(757), 48 bytes at 0x9e3020  	{A0 30 9E 00 00 00 00 00 A0 2F 9E 00 00 00 00 00 .0......./......}
unfreed: <155> db.c(757), 48 bytes at 0x9e2fa0  	{20 30 9E 00 00 00 00 00 A0 2E 9E 00 00 00 00 00  0..............}
unfreed: <154> db.c(757), 48 bytes at 0x9e2f20  	{A0 2B 9E 00 00 00 00 00 20 2B 9E 00 00 00 00 00 .+...... +......}
unfreed: <153> db.c(757), 48 bytes at 0x9e2ea0  	{A0 2F 9E 00 00 00 00 00 20 2E 9E 00 00 00 00 00 ./...... .......}
unfreed: <152> db.c(757), 48 bytes at 0x9e2e20  	{A0 2E 9E 00 00 00 00 00 A0 2D 9E 00 00 00 00 00 .........-......}
unfreed: <151> db.c(757), 48 bytes at 0x9e2da0  	{20 2E 9E 00 00 00 00 00 20 2D 9E 00 00 00 00 00  ....... -......}
unfreed: <150> db.c(757), 48 bytes at 0x9e2d20  	{A0 2D 9E 00 00 00 00 00 A0 2C 9E 00 00 00 00 00 .-.......,......}
unfreed: <149> db.c(757), 48 bytes at 0x9e2ca0  	{20 2D 9E 00 00 00 00 00 20 2C 9E 00 00 00 00 00  -...... ,......}
unfreed: <148> db.c(757), 48 bytes at 0x9e2c20  	{A0 2C 9E 00 00 00 00 00 A0 2B 9E 00 00 00 00 00 .,.......+......}
unfreed: <147> db.c(757), 48 bytes at 0x9e2ba0  	{20 2C 9E 00 00 00 00 00 20 2F 9E 00 00 00 00 00  ,...... /......}
unfreed: <146> db.c(757), 48 bytes at 0x9e2b20  	{20 2F 9E 00 00 00 00 00 A0 3B 9E 00 00 00 00 00  /.......;......}
unfreed: <145> db.c(757), 48 bytes at 0x9e2aa0  	{A0 34 9E 00 00 00 00 00 20 2A 9E 00 00 00 00 00 .4...... *......}
unfreed: <144> db.c(757), 48 bytes at 0x9e2a20  	{A0 2A 9E 00 00 00 00 00 A0 29 9E 00 00 00 00 00 .*.......)......}
unfreed: <143> db.c(757), 48 bytes at 0x9e29a0  	{20 2A 9E 00 00 00 00 00 20 29 9E 00 00 00 00 00  *...... )......}
unfreed: <142> db.c(757), 48 bytes at 0x9e2920  	{A0 29 9E 00 00 00 00 00 A0 28 9E 00 00 00 00 00 .).......(......}
unfreed: <141> db.c(757), 48 bytes at 0x9e28a0  	{20 29 9E 00 00 00 00 00 20 28 9E 00 00 00 00 00  )...... (......}
unfreed: <140> db.c(757), 48 bytes at 0x9e2820  	{A0 28 9E 00 00 00 00 00 A0 27 9E 00 00 00 00 00 .(.......'......}
unfreed: <139> db.c(757), 48 bytes at 0x9e27a0  	{20 28 9E 00 00 00 00 00 20 27 9E 00 00 00 00 00  (...... '......}
unfreed: <138> db.c(757), 48 bytes at 0x9e2720  	{A0 27 9E 00 00 00 00 00 A0 26 9E 00 00 00 00 00 .'.......&......}
unfreed: <137> db.c(757), 48 bytes at 0x9e26a0  	{20 27 9E 00 00 00 00 00 20 26 9E 00 00 00 00 00  '...... &......}
unfreed: <136> db.c(757), 48 bytes at 0x9e2620  	{A0 26 9E 00 00 00 00 00 A0 25 9E 00 00 00 00 00 .&.......%......}
unfreed: <135> db.c(757), 48 bytes at 0x9e25a0  	{20 26 9E 00 00 00 00 00 20 25 9E 00 00 00 00 00  &...... %......}
unfreed: <134> db.c(757), 48 bytes at 0x9e2520  	{A0 25 9E 00 00 00 00 00 A0 24 9E 00 00 00 00 00 .%.......$......}
unfreed: <133> db.c(757), 48 bytes at 0x9e24a0  	{20 25 9E 00 00 00 00 00 20 24 9E 00 00 00 00 00  %...... $......}
unfreed: <132> db.c(757), 48 bytes at 0x9e2420  	{A0 24 9E 00 00 00 00 00 A0 23 9E 00 00 00 00 00 .$.......#......}
unfreed: <131> db.c(757), 48 bytes at 0x9e23a0  	{20 24 9E 00 00 00 00 00 20 23 9E 00 00 00 00 00  $...... #......}
unfreed: <130> db.c(757), 48 bytes at 0x9e2320  	{A0 23 9E 00 00 00 00 00 A0 22 9E 00 00 00 00 00 .#......."......}
unfreed: <129> db.c(757), 48 bytes at 0x9e22a0  	{20 23 9E 00 00 00 00 00 20 22 9E 00 00 00 00 00  #...... "......}
unfreed: <128> db.c(757), 48 bytes at 0x9e2220  	{A0 22 9E 00 00 00 00 00 A0 21 9E 00 00 00 00 00 .".......!......}
unfreed: <127> db.c(757), 48 bytes at 0x9e21a0  	{20 22 9E 00 00 00 00 00 20 21 9E 00 00 00 00 00  "...... !......}
unfreed: <126> db.c(757), 48 bytes at 0x9e2120  	{A0 21 9E 00 00 00 00 00 A0 20 9E 00 00 00 00 00 .!....... ......}
unfreed: <125> db.c(757), 48 bytes at 0x9e20a0  	{20 21 9E 00 00 00 00 00 20 FB 9D 00 00 00 00 00  !...... .......}
unfreed: <124> db.c(757), 48 bytes at 0x9e2020  	{20 FB 9D 00 00 00 00 00 A0 1F 9E 00 00 00 00 00  ...............}
unfreed: <123> db.c(757), 48 bytes at 0x9e1fa0  	{20 20 9E 00 00 00 00 00 20 1F 9E 00 00 00 00 00   ...... .......}
unfreed: <122> db.c(757), 48 bytes at 0x9e1f20  	{A0 1F 9E 00 00 00 00 00 A0 1E 9E 00 00 00 00 00 ................}
unfreed: <121> db.c(757), 48 bytes at 0x9e1ea0  	{20 1F 9E 00 00 00 00 00 20 1E 9E 00 00 00 00 00  ....... .......}
unfreed: <120> db.c(757), 48 bytes at 0x9e1e20  	{A0 1E 9E 00 00 00 00 00 A0 1D 9E 00 00 00 00 00 ................}
unfreed: <119> db.c(757), 48 bytes at 0x9e1da0  	{20 1E 9E 00 00 00 00 00 20 1D 9E 00 00 00 00 00  ....... .......}
unfreed: <118> db.c(757), 48 bytes at 0x9e1d20  	{A0 1D 9E 00 00 00 00 00 A0 1C 9E 00 00 00 00 00 ................}
unfreed: <117> db.c(757), 48 bytes at 0x9e1ca0  	{20 1D 9E 00 00 00 00 00 20 1C 9E 00 00 00 00 00  ....... .......}
unfreed: <116> db.c(757), 48 bytes at 0x9e1c20  	{A0 1C 9E 00 00 00 00 00 A0 1B 9E 00 00 00 00 00 ................}
unfreed: <115> db.c(757), 48 bytes at 0x9e1ba0  	{20 1C 9E 00 00 00 00 00 20 FF 9D 00 00 00 00 00  ....... .......}
unfreed: <114> db.c(757), 48 bytes at 0x9e1b20  	{20 FF 9D 00 00 00 00 00 A0 1A 9E 00 00 00 00 00  ...............}
unfreed: <113> db.c(757), 48 bytes at 0x9e1aa0  	{20 1B 9E 00 00 00 00 00 20 1A 9E 00 00 00 00 00  ....... .......}
unfreed: <112> db.c(757), 48 bytes at 0x9e1a20  	{A0 1A 9E 00 00 00 00 00 A0 19 9E 00 00 00 00 00 ................}
unfreed: <111> db.c(757), 48 bytes at 0x9e19a0  	{20 1A 9E 00 00 00 00 00 20 19 9E 00 00 00 00 00  ....... .......}
unfreed: <110> db.c(757), 48 bytes at 0x9e1920  	{A0 19 9E 00 00 00 00 00 A0 18 9E 00 00 00 00 00 ................}
unfreed: <109> db.c(757), 48 bytes at 0x9e18a0  	{20 19 9E 00 00 00 00 00 20 18 9E 00 00 00 00 00  ....... .......}
unfreed: <108> db.c(757), 48 bytes at 0x9e1820  	{A0 18 9E 00 00 00 00 00 30 D2 9D 00 00 00 00 00 ........0.......}
unfreed: <107> db.c(757), 48 bytes at 0x9e17a0  	{30 D2 9D 00 00 00 00 00 20 17 9E 00 00 00 00 00 0....... .......}
unfreed: <106> db.c(757), 48 bytes at 0x9e1720  	{A0 17 9E 00 00 00 00 00 A0 16 9E 00 00 00 00 00 ................}
unfreed: <105> db.c(757), 48 bytes at 0x9e16a0  	{20 17 9E 00 00 00 00 00 20 16 9E 00 00 00 00 00  ....... .......}
unfreed: <104> db.c(757), 48 bytes at 0x9e1620  	{A0 16 9E 00 00 00 00 00 A0 15 9E 00 00 00 00 00 ................}
unfreed: <103> db.c(757), 48 bytes at 0x9e15a0  	{20 16 9E 00 00 00 00 00 20 15 9E 00 00 00 00 00  ....... .......}
unfreed: <102> db.c(757), 48 bytes at 0x9e1520  	{A0 15 9E 00 00 00 00 00 A0 14 9E 00 00 00 00 00 ................}
unfreed: <101> db.c(757), 48 bytes at 0x9e14a0  	{20 15 9E 00 00 00 00 00 20 14 9E 00 00 00 00 00  ....... .......}
unfreed: <100> db.c(757), 48 bytes at 0x9e1420  	{A0 14 9E 00 00 00 00 00 A0 13 9E 00 00 00 00 00 ................}
unfreed: <99> db.c(757), 48 bytes at 0x9e13a0  	{20 14 9E 00 00 00 00 00 20 13 9E 00 00 00 00 00  ....... .......}
unfreed: <98> db.c(757), 48 bytes at 0x9e1320  	{A0 13 9E 00 00 00 00 00 A0 12 9E 00 00 00 00 00 ................}
unfreed: <97> db.c(757), 48 bytes at 0x9e12a0  	{20 13 9E 00 00 00 00 00 20 12 9E 00 00 00 00 00  ....... .......}
unfreed: <96> db.c(757), 48 bytes at 0x9e1220  	{A0 12 9E 00 00 00 00 00 A0 11 9E 00 00 00 00 00 ................}
unfreed: <95> db.c(757), 48 bytes at 0x9e11a0  	{20 12 9E 00 00 00 00 00 20 11 9E 00 00 00 00 00  ....... .......}
unfreed: <94> db.c(757), 48 bytes at 0x9e1120  	{A0 11 9E 00 00 00 00 00 A0 10 9E 00 00 00 00 00 ................}
unfreed: <93> db.c(757), 48 bytes at 0x9e10a0  	{20 11 9E 00 00 00 00 00 20 10 9E 00 00 00 00 00  ....... .......}
unfreed: <92> db.c(757), 48 bytes at 0x9e1020  	{A0 10 9E 00 00 00 00 00 A0 0F 9E 00 00 00 00 00 ................}
unfreed: <91> db.c(757), 48 bytes at 0x9e0fa0  	{20 10 9E 00 00 00 00 00 20 0F 9E 00 00 00 00 00  ....... .......}
unfreed: <90> db.c(757), 48 bytes at 0x9e0f20  	{A0 0F 9E 00 00 00 00 00 A0 0E 9E 00 00 00 00 00 ................}
unfreed: <89> db.c(757), 48 bytes at 0x9e0ea0  	{20 0F 9E 00 00 00 00 00 20 0E 9E 00 00 00 00 00  ....... .......}
unfreed: <88> db.c(757), 48 bytes at 0x9e0e20  	{A0 0E 9E 00 00 00 00 00 A0 0D 9E 00 00 00 00 00 ................}
unfreed: <87> db.c(757), 48 bytes at 0x9e0da0  	{20 0E 9E 00 00 00 00 00 20 0D 9E 00 00 00 00 00  ....... .......}
unfreed: <86> db.c(757), 48 bytes at 0x9e0d20  	{A0 0D 9E 00 00 00 00 00 A0 0C 9E 00 00 00 00 00 ................}
unfreed: <85> db.c(757), 48 bytes at 0x9e0ca0  	{20 0D 9E 00 00 00 00 00 20 0C 9E 00 00 00 00 00  ....... .......}
unfreed: <84> db.c(757), 48 bytes at 0x9e0c20  	{A0 0C 9E 00 00 00 00 00 A0 0B 9E 00 00 00 00 00 ................}
unfreed: <83> db.c(757), 48 bytes at 0x9e0ba0  	{20 0C 9E 00 00 00 00 00 20 0B 9E 00 00 00 00 00  ....... .......}
unfreed: <82> db.c(757), 48 bytes at 0x9e0b20  	{A0 0B 9E 00 00 00 00 00 A0 0A 9E 00 00 00 00 00 ................}
unfreed: <81> db.c(757), 48 bytes at 0x9e0aa0  	{20 0B 9E 00 00 00 00 00 20 0A 9E 00 00 00 00 00  ....... .......}
unfreed: <80> db.c(757), 48 bytes at 0x9e0a20  	{A0 0A 9E 00 00 00 00 00 A0 09 9E 00 00 00 00 00 ................}
unfreed: <79> db.c(757), 48 bytes at 0x9e09a0  	{20 0A 9E 00 00 00 00 00 20 09 9E 00 00 00 00 00  ....... .......}
unfreed: <78> db.c(757), 48 bytes at 0x9e0920  	{A0 09 9E 00 00 00 00 00 A0 08 9E 00 00 00 00 00 ................}
unfreed: <77> db.c(757), 48 bytes at 0x9e08a0  	{20 09 9E 00 00 00 00 00 20 08 9E 00 00 00 00 00  ....... .......}
unfreed: <76> db.c(757), 48 bytes at 0x9e0820  	{A0 08 9E 00 00 00 00 00 20 FD 9D 00 00 00 00 00 ........ .......}
unfreed: <75> db.c(757), 48 bytes at 0x9e07a0  	{20 FD 9D 00 00 00 00 00 20 FC 9D 00 00 00 00 00  ....... .......}
unfreed: <74> db.c(757), 48 bytes at 0x9e0720  	{20 FC 9D 00 00 00 00 00 A0 06 9E 00 00 00 00 00  ...............}
unfreed: <73> db.c(757), 48 bytes at 0x9e06a0  	{20 07 9E 00 00 00 00 00 20 06 9E 00 00 00 00 00  ....... .......}
unfreed: <72> db.c(757), 48 bytes at 0x9e0620  	{A0 06 9E 00 00 00 00 00 A0 05 9E 00 00 00 00 00 ................}
unfreed: <71> db.c(757), 48 bytes at 0x9e05a0  	{20 06 9E 00 00 00 00 00 20 05 9E 00 00 00 00 00  ....... .......}
unfreed: <70> db.c(757), 48 bytes at 0x9e0520  	{A0 05 9E 00 00 00 00 00 A0 04 9E 00 00 00 00 00 ................}
unfreed: <69> db.c(757), 48 bytes at 0x9e04a0  	{20 05 9E 00 00 00 00 00 20 04 9E 00 00 00 00 00  ....... .......}
unfreed: <68> db.c(757), 48 bytes at 0x9e0420  	{A0 04 9E 00 00 00 00 00 A0 03 9E 00 00 00 00 00 ................}
unfreed: <67> db.c(757), 48 bytes at 0x9e03a0  	{20 04 9E 00 00 00 00 00 20 03 9E 00 00 00 00 00  ....... .......}
unfreed: <66> db.c(757), 48 bytes at 0x9e0320  	{A0 03 9E 00 00 00 00 00 20 F9 9D 00 00 00 00 00 ........ .......}
unfreed: <65> db.c(757), 48 bytes at 0x9e02a0  	{20 02 9E 00 00 00 00 00 20 7B 9E 00 00 00 00 00  ....... {......}
unfreed: <64> db.c(757), 48 bytes at 0x9e0220  	{B0 D1 9D 00 00 00 00 00 A0 02 9E 00 00 00 00 00 ................}
unfreed: <63> db.c(757), 48 bytes at 0x9e01a0  	{20 6A 9E 00 00 00 00 00 20 FE 9D 00 00 00 00 00  j...... .......}
unfreed: <62> db.c(757), 48 bytes at 0x9e0120  	{20 F0 9D 00 00 00 00 00 A0 EF 9D 00 00 00 00 00  ...............}
unfreed: <61> db.c(757), 48 bytes at 0x9e00a0  	{20 5C 9E 00 00 00 00 00 20 5B 9E 00 00 00 00 00  \...... [......}
unfreed: <60> db.c(757), 48 bytes at 0x9e0020  	{A0 E9 9D 00 00 00 00 00 20 E9 9D 00 00 00 00 00 ........ .......}
unfreed: <59> db.c(757), 48 bytes at 0x9dffa0  	{A0 9D 9E 00 00 00 00 00 20 9D 9E 00 00 00 00 00 ........ .......}
unfreed: <58> db.c(757), 48 bytes at 0x9dff20  	{A0 1B 9E 00 00 00 00 00 20 1B 9E 00 00 00 00 00 ........ .......}
unfreed: <57> db.c(757), 48 bytes at 0x9dfea0  	{A0 FD 9D 00 00 00 00 00 20 6A 9E 00 00 00 00 00 ........ j......}
unfreed: <56> db.c(757), 48 bytes at 0x9dfe20  	{A0 01 9E 00 00 00 00 00 A0 69 9E 00 00 00 00 00 .........i......}
unfreed: <55> db.c(757), 48 bytes at 0x9dfda0  	{A0 6A 9E 00 00 00 00 00 A0 FE 9D 00 00 00 00 00 .j..............}
unfreed: <54> db.c(757), 48 bytes at 0x9dfd20  	{20 08 9E 00 00 00 00 00 A0 07 9E 00 00 00 00 00  ...............}
unfreed: <53> db.c(757), 48 bytes at 0x9dfca0  	{20 EB 9D 00 00 00 00 00 A0 EA 9D 00 00 00 00 00  ...............}
unfreed: <52> db.c(757), 48 bytes at 0x9dfc20  	{A0 07 9E 00 00 00 00 00 20 07 9E 00 00 00 00 00 ........ .......}
unfreed: <51> db.c(757), 48 bytes at 0x9dfba0  	{A0 49 9E 00 00 00 00 00 20 49 9E 00 00 00 00 00 .I...... I......}
unfreed: <50> db.c(757), 48 bytes at 0x9dfb20  	{A0 20 9E 00 00 00 00 00 20 20 9E 00 00 00 00 00 . ......  ......}
unfreed: <49> db.c(757), 48 bytes at 0x9dfaa0  	{A0 8B 9E 00 00 00 00 00 20 8B 9E 00 00 00 00 00 ........ .......}
unfreed: <48> db.c(757), 48 bytes at 0x9dfa20  	{20 40 9E 00 00 00 00 00 A0 3F 9E 00 00 00 00 00  @.......?......}
unfreed: <47> db.c(757), 48 bytes at 0x9df9a0  	{A0 63 9E 00 00 00 00 00 20 63 9E 00 00 00 00 00 .c...... c......}
unfreed: <46> db.c(757), 48 bytes at 0x9df920  	{20 03 9E 00 00 00 00 00 A0 F8 9D 00 00 00 00 00  ...............}
unfreed: <45> db.c(757), 48 bytes at 0x9df8a0  	{20 F9 9D 00 00 00 00 00 20 F8 9D 00 00 00 00 00  ....... .......}
unfreed: <44> db.c(757), 48 bytes at 0x9df820  	{A0 F8 9D 00 00 00 00 00 20 AB 9E 00 00 00 00 00 ........ .......}
unfreed: <43> db.c(757), 48 bytes at 0x9df7a0  	{20 AB 9E 00 00 00 00 00 20 F7 9D 00 00 00 00 00  ....... .......}
unfreed: <42> db.c(757), 48 bytes at 0x9df720  	{A0 F7 9D 00 00 00 00 00 A0 F6 9D 00 00 00 00 00 ................}
unfreed: <41> db.c(757), 48 bytes at 0x9df6a0  	{20 F7 9D 00 00 00 00 00 20 F6 9D 00 00 00 00 00  ....... .......}
unfreed: <40> db.c(757), 48 bytes at 0x9df620  	{A0 F6 9D 00 00 00 00 00 A0 F5 9D 00 00 00 00 00 ................}
unfreed: <39> db.c(757), 48 bytes at 0x9df5a0  	{20 F6 9D 00 00 00 00 00 20 F5 9D 00 00 00 00 00  ....... .......}
unfreed: <38> db.c(757), 48 bytes at 0x9df520  	{A0 F5 9D 00 00 00 00 00 A0 F4 9D 00 00 00 00 00 ................}
unfreed: <37> db.c(757), 48 bytes at 0x9df4a0  	{20 F5 9D 00 00 00 00 00 20 F4 9D 00 00 00 00 00  ....... .......}
unfreed: <36> db.c(757), 48 bytes at 0x9df420  	{A0 F4 9D 00 00 00 00 00 A0 F3 9D 00 00 00 00 00 ................}
unfreed: <35> db.c(757), 48 bytes at 0x9df3a0  	{20 F4 9D 00 00 00 00 00 20 F3 9D 00 00 00 00 00  ....... .......}
unfreed: <34> db.c(757), 48 bytes at 0x9df320  	{A0 F3 9D 00 00 00 00 00 A0 F2 9D 00 00 00 00 00 ................}
unfreed: <33> db.c(757), 48 bytes at 0x9df2a0  	{20 F3 9D 00 00 00 00 00 20 F2 9D 00 00 00 00 00  ....... .......}
unfreed: <32> db.c(757), 48 bytes at 0x9df220  	{A0 F2 9D 00 00 00 00 00 A0 F1 9D 00 00 00 00 00 ................}
unfreed: <31> db.c(757), 48 bytes at 0x9df1a0  	{20 F2 9D 00 00 00 00 00 20 F1 9D 00 00 00 00 00  ....... .......}
unfreed: <30> db.c(757), 48 bytes at 0x9df120  	{A0 F1 9D 00 00 00 00 00 A0 F0 9D 00 00 00 00 00 ................}
unfreed: <29> db.c(757), 48 bytes at 0x9df0a0  	{20 F1 9D 00 00 00 00 00 20 F0 9D 00 00 00 00 00  ....... .......}
unfreed: <28> db.c(757), 48 bytes at 0x9df020  	{A0 F0 9D 00 00 00 00 00 20 01 9E 00 00 00 00 00 ........ .......}
unfreed: <27> db.c(757), 48 bytes at 0x9defa0  	{20 01 9E 00 00 00 00 00 20 EF 9D 00 00 00 00 00  ....... .......}
unfreed: <26> db.c(757), 48 bytes at 0x9def20  	{A0 EF 9D 00 00 00 00 00 A0 EE 9D 00 00 00 00 00 ................}
unfreed: <25> db.c(757), 48 bytes at 0x9deea0  	{20 EF 9D 00 00 00 00 00 20 EE 9D 00 00 00 00 00  ....... .......}
unfreed: <24> db.c(757), 48 bytes at 0x9dee20  	{A0 EE 9D 00 00 00 00 00 A0 ED 9D 00 00 00 00 00 ................}
unfreed: <23> db.c(757), 48 bytes at 0x9deda0  	{20 EE 9D 00 00 00 00 00 20 ED 9D 00 00 00 00 00  ....... .......}
unfreed: <22> db.c(757), 48 bytes at 0x9ded20  	{A0 ED 9D 00 00 00 00 00 A0 EC 9D 00 00 00 00 00 ................}
unfreed: <21> db.c(757), 48 bytes at 0x9deca0  	{20 ED 9D 00 00 00 00 00 20 EC 9D 00 00 00 00 00  ....... .......}
unfreed: <20> db.c(757), 48 bytes at 0x9dec20  	{A0 EC 9D 00 00 00 00 00 A0 EB 9D 00 00 00 00 00 ................}
unfreed: <19> db.c(757), 48 bytes at 0x9deba0  	{20 EC 9D 00 00 00 00 00 20 EB 9D 00 00 00 00 00  ....... .......}
unfreed: <18> db.c(757), 48 bytes at 0x9deb20  	{A0 EB 9D 00 00 00 00 00 A0 FC 9D 00 00 00 00 00 ................}
unfreed: <17> db.c(757), 48 bytes at 0x9deaa0  	{A0 FC 9D 00 00 00 00 00 20 EA 9D 00 00 00 00 00 ........ .......}
unfreed: <16> db.c(757), 48 bytes at 0x9dea20  	{A0 EA 9D 00 00 00 00 00 A0 E9 9D 00 00 00 00 00 ................}
unfreed: <15> db.c(757), 48 bytes at 0x9de9a0  	{20 EA 9D 00 00 00 00 00 20 00 9E 00 00 00 00 00  ....... .......}
unfreed: <14> db.c(757), 48 bytes at 0x9de920  	{20 00 9E 00 00 00 00 00 A0 E8 9D 00 00 00 00 00  ...............}
unfreed: <13> db.c(757), 48 bytes at 0x9de8a0  	{20 E9 9D 00 00 00 00 00 20 E8 9D 00 00 00 00 00  ....... .......}
unfreed: <12> db.c(757), 48 bytes at 0x9de820  	{A0 E8 9D 00 00 00 00 00 A0 E7 9D 00 00 00 00 00 ................}
unfreed: <11> db.c(757), 48 bytes at 0x9de7a0  	{20 E8 9D 00 00 00 00 00 20 E7 9D 00 00 00 00 00  ....... .......}
unfreed: <10> db.c(757), 48 bytes at 0x9de720  	{A0 E7 9D 00 00 00 00 00 A0 E6 9D 00 00 00 00 00 ................}
unfreed: <9> db.c(757), 48 bytes at 0x9de6a0  	{20 E7 9D 00 00 00 00 00 20 E6 9D 00 00 00 00 00  ....... .......}
unfreed: <8> db.c(757), 48 bytes at 0x9de620  	{A0 E6 9D 00 00 00 00 00 A0 E5 9D 00 00 00 00 00 ................}
unfreed: <7> db.c(757), 48 bytes at 0x9de5a0  	{20 E6 9D 00 00 00 00 00 20 E5 9D 00 00 00 00 00  ....... .......}
unfreed: <6> db.c(757), 48 bytes at 0x9de520  	{A0 E5 9D 00 00 00 00 00 00 00 00 00 00 00 00 00 ................}
unfreed: <5> db.c(757), 48 bytes at 0x9de4a0  	{A0 9E 9E 00 00 00 00 00 20 9E 9E 00 00 00 00 00 ........ .......}
unfreed: <4> db.c(757), 48 bytes at 0x9dd230  	{20 18 9E 00 00 00 00 00 A0 17 9E 00 00 00 00 00  ...............}
unfreed: <3> db.c(757), 48 bytes at 0x9dd1b0  	{A0 7B 9E 00 00 00 00 00 20 02 9E 00 00 00 00 00 .{...... .......}
unfreed: <2> db.c(757), 48 bytes at 0x9dd130  	{20 91 9E 00 00 00 00 00 A0 90 9E 00 00 00 00 00  ...............}
unfreed: <1> db.c(320), 2099200 bytes at 0x7fd1d3b63050  	{00 00 00 00 00 00 00 00 54 49 45 52 43 41 50 00 ........TIERCAP.}

Memory usage statistics (global):
 N)umber of allocations made: 798
 L)argest memory usage      : 49744320
 T)otal of all alloc() calls: 49744368
 U)nfreed bytes totals      : 49744320
MEMWATCH detected 797 anomalies
